  File "passenger_wsgi.py", line 8, in <module>
    wsgi = imp.load_source('wsgi', 'passenger_wsgi.py')
  File "/home/realpyth/virtualenv/udemy/3.7/lib64/python3.7/imp.py", line 169, in load_source
    module = _exec(spec, sys.modules[name])
  File "<frozen importlib._bootstrap>", line 630, in _exec
  File "<frozen importlib._bootstrap_external>", line 728, in exec_module
  File "<frozen importlib._bootstrap>", line 219, in _call_with_frames_removed
  File "passenger_wsgi.py", line 8, in <module>
    wsgi = imp.load_source('wsgi', 'passenger_wsgi.py')
  File "/home/realpyth/virtualenv/udemy/3.7/lib64/python3.7/imp.py", line 169, in load_source
    module = _exec(spec, sys.modules[name])
  File "<frozen importlib._bootstrap>", line 630, in _exec
  File "<frozen importlib._bootstrap_external>", line 728, in exec_module
  File "<frozen importlib._bootstrap>", line 219, in _call_with_frames_removed
  File "passenger_wsgi.py", line 8, in <module>
    wsgi = imp.load_source('wsgi', 'passenger_wsgi.py')
  File "/home/realpyth/virtualenv/udemy/3.7/lib64/python3.7/imp.py", line 169, in load_source
    module = _exec(spec, sys.modules[name])
  File "<frozen importlib._bootstrap>", line 623, in _exec
  File "<frozen importlib._bootstrap>", line 568, in _init_module_attrs
  File "<frozen importlib._bootstrap>", line 409, in cached
  File "<frozen importlib._bootstrap_external>", line 372, in _get_cached
  File "<frozen importlib._bootstrap_external>", line 313, in cache_from_source
  File "<frozen importlib._bootstrap_external>", line 59, in _path_join
  File "<frozen importlib._bootstrap_external>", line 59, in <listcomp>
RecursionError: maximum recursion depth exceeded while calling a Python object
Traceback (most recent call last):
  File "/home/realpyth/udemy/passenger_wsgi.py", line 8, in <module>
    wsgi = imp.load_source('wsgi', 'passenger_wsgi.py')
  File "/home/realpyth/virtualenv/udemy/3.7/lib64/python3.7/imp.py", line 171, in load_source
    module = _load(spec)
  File "<frozen importlib._bootstrap>", line 696, in _load
  File "<frozen importlib._bootstrap>", line 677, in _load_unlocked
  File "<frozen importlib._bootstrap_external>", line 728, in exec_module
  File "<frozen importlib._bootstrap>", line 219, in _call_with_frames_removed
  File "passenger_wsgi.py", line 8, in <module>
    wsgi = imp.load_source('wsgi', 'passenger_wsgi.py')
  File "/home/realpyth/virtualenv/udemy/3.7/lib64/python3.7/imp.py", line 169, in load_source
    module = _exec(spec, sys.modules[name])
  File "<frozen importlib._bootstrap>", line 630, in _exec
  File "<frozen importlib._bootstrap_external>", line 728, in exec_module
  File "<frozen importlib._bootstrap>", line 219, in _call_with_frames_removed
  File "passenger_wsgi.py", line 8, in <module>
    wsgi = imp.load_source('wsgi', 'passenger_wsgi.py')
  File "/home/realpyth/virtualenv/udemy/3.7/lib64/python3.7/imp.py", line 169, in load_source
    module = _exec(spec, sys.modules[name])
  File "<frozen importlib._bootstrap>", line 630, in _exec
  File "<frozen importlib._bootstrap_external>", line 728, in exec_module
  File "<frozen importlib._bootstrap>", line 219, in _call_with_frames_removed
  File "passenger_wsgi.py", line 8, in <module>
    wsgi = imp.load_source('wsgi', 'passenger_wsgi.py')
  File "/home/realpyth/virtualenv/udemy/3.7/lib64/python3.7/imp.py", line 169, in load_source
    module = _exec(spec, sys.modules[name])
  File "<frozen importlib._bootstrap>", line 630, in _exec
  File "<frozen importlib._bootstrap_external>", line 728, in exec_module
  File "<frozen importlib._bootstrap>", line 219, in _call_with_frames_removed
  File "passenger_wsgi.py", line 8, in <module>
    wsgi = imp.load_source('wsgi', 'passenger_wsgi.py')
  File "/home/realpyth/virtualenv/udemy/3.7/lib64/python3.7/imp.py", line 169, in load_source
    module = _exec(spec, sys.modules[name])
  File "<frozen importlib._bootstrap>", line 630, in _exec
  File "<frozen importlib._bootstrap_external>", line 728, in exec_module
  File "<frozen importlib._bootstrap>", line 219, in _call_with_frames_removed
  File "passenger_wsgi.py", line 8, in <module>
    wsgi = imp.load_source('wsgi', 'passenger_wsgi.py')
  File "/home/realpyth/virtualenv/udemy/3.7/lib64/python3.7/imp.py", line 169, in load_source
    module = _exec(spec, sys.modules[name])
  File "<frozen importlib._bootstrap>", line 630, in _exec
  File "<frozen importlib._bootstrap_external>", line 728, in exec_module
  File "<frozen importlib._bootstrap>", line 219, in _call_with_frames_removed
  File "passenger_wsgi.py", line 8, in <module>
    wsgi = imp.load_source('wsgi', 'passenger_wsgi.py')
  File "/home/realpyth/virtualenv/udemy/3.7/lib64/python3.7/imp.py", line 169, in load_source
    module = _exec(spec, sys.modules[name])
  File "<frozen importlib._bootstrap>", line 630, in _exec
  File "<frozen importlib._bootstrap_external>", line 728, in exec_module
  File "<frozen importlib._bootstrap>", line 219, in _call_with_frames_removed
  File "passenger_wsgi.py", line 8, in <module>
    wsgi = imp.load_source('wsgi', 'passenger_wsgi.py')
  File "/home/realpyth/virtualenv/udemy/3.7/lib64/python3.7/imp.py", line 169, in load_source
    module = _exec(spec, sys.modules[name])
  File "<frozen importlib._bootstrap>", line 630, in _exec
  File "<frozen importlib._bootstrap_external>", line 728, in exec_module
  File "<frozen importlib._bootstrap>", line 219, in _call_with_frames_removed
  File "passenger_wsgi.py", line 8, in <module>
    wsgi = imp.load_source('wsgi', 'passenger_wsgi.py')
  File "/home/realpyth/virtualenv/udemy/3.7/lib64/python3.7/imp.py", line 169, in load_source
    module = _exec(spec, sys.modules[name])
  File "<frozen importlib._bootstrap>", line 630, in _exec
  File "<frozen importlib._bootstrap_external>", line 728, in exec_module
  File "<frozen importlib._bootstrap>", line 219, in _call_with_frames_removed
  File "passenger_wsgi.py", line 8, in <module>
    wsgi = imp.load_source('wsgi', 'passenger_wsgi.py')
  File "/home/realpyth/virtualenv/udemy/3.7/lib64/python3.7/imp.py", line 169, in load_source
    module = _exec(spec, sys.modules[name])
  File "<frozen importlib._bootstrap>", line 630, in _exec
  File "<frozen importlib._bootstrap_external>", line 728, in exec_module
  File "<frozen importlib._bootstrap>", line 219, in _call_with_frames_removed
  File "passenger_wsgi.py", line 8, in <module>
    wsgi = imp.load_source('wsgi', 'passenger_wsgi.py')
  File "/home/realpyth/virtualenv/udemy/3.7/lib64/python3.7/imp.py", line 169, in load_source
    module = _exec(spec, sys.modules[name])
  File "<frozen importlib._bootstrap>", line 630, in _exec
  File "<frozen importlib._bootstrap_external>", line 728, in exec_module
  File "<frozen importlib._bootstrap>", line 219, in _call_with_frames_removed
  File "passenger_wsgi.py", line 8, in <module>
    wsgi = imp.load_source('wsgi', 'passenger_wsgi.py')
  File "/home/realpyth/virtualenv/udemy/3.7/lib64/python3.7/imp.py", line 169, in load_source
    module = _exec(spec, sys.modules[name])
  File "<frozen importlib._bootstrap>", line 630, in _exec
  File "<frozen importlib._bootstrap_external>", line 728, in exec_module
  File "<frozen importlib._bootstrap>", line 219, in _call_with_frames_removed
  File "passenger_wsgi.py", line 8, in <module>
    wsgi = imp.load_source('wsgi', 'passenger_wsgi.py')
  File "/home/realpyth/virtualenv/udemy/3.7/lib64/python3.7/imp.py", line 169, in load_source
    module = _exec(spec, sys.modules[name])
  File "<frozen importlib._bootstrap>", line 630, in _exec
  File "<frozen importlib._bootstrap_external>", line 728, in exec_module
  File "<frozen importlib._bootstrap>", line 219, in _call_with_frames_removed
  File "passenger_wsgi.py", line 8, in <module>
    wsgi = imp.load_source('wsgi', 'passenger_wsgi.py')
  File "/home/realpyth/virtualenv/udemy/3.7/lib64/python3.7/imp.py", line 169, in load_source
    module = _exec(spec, sys.modules[name])
  File "<frozen importlib._bootstrap>", line 630, in _exec
  File "<frozen importlib._bootstrap_external>", line 728, in exec_module
  File "<frozen importlib._bootstrap>", line 219, in _call_with_frames_removed
  File "passenger_wsgi.py", line 8, in <module>
    wsgi = imp.load_source('wsgi', 'passenger_wsgi.py')
  File "/home/realpyth/virtualenv/udemy/3.7/lib64/python3.7/imp.py", line 169, in load_source
    module = _exec(spec, sys.modules[name])
  File "<frozen importlib._bootstrap>", line 630, in _exec
  File "<frozen importlib._bootstrap_external>", line 728, in exec_module
  File "<frozen importlib._bootstrap>", line 219, in _call_with_frames_removed
  File "passenger_wsgi.py", line 8, in <module>
    wsgi = imp.load_source('wsgi', 'passenger_wsgi.py')
  File "/home/realpyth/virtualenv/udemy/3.7/lib64/python3.7/imp.py", line 169, in load_source
    module = _exec(spec, sys.modules[name])
  File "<frozen importlib._bootstrap>", line 630, in _exec
  File "<frozen importlib._bootstrap_external>", line 728, in exec_module
  File "<frozen importlib._bootstrap>", line 219, in _call_with_frames_removed
  File "passenger_wsgi.py", line 8, in <module>
    wsgi = imp.load_source('wsgi', 'passenger_wsgi.py')
  File "/home/realpyth/virtualenv/udemy/3.7/lib64/python3.7/imp.py", line 169, in load_source
    module = _exec(spec, sys.modules[name])
  File "<frozen importlib._bootstrap>", line 630, in _exec
  File "<frozen importlib._bootstrap_external>", line 728, in exec_module
  File "<frozen importlib._bootstrap>", line 219, in _call_with_frames_removed
  File "passenger_wsgi.py", line 8, in <module>
    wsgi = imp.load_source('wsgi', 'passenger_wsgi.py')
  File "/home/realpyth/virtualenv/udemy/3.7/lib64/python3.7/imp.py", line 169, in load_source
    module = _exec(spec, sys.modules[name])
  File "<frozen importlib._bootstrap>", line 630, in _exec
  File "<frozen importlib._bootstrap_external>", line 728, in exec_module
  File "<frozen importlib._bootstrap>", line 219, in _call_with_frames_removed
  File "passenger_wsgi.py", line 8, in <module>
    wsgi = imp.load_source('wsgi', 'passenger_wsgi.py')
  File "/home/realpyth/virtualenv/udemy/3.7/lib64/python3.7/imp.py", line 169, in load_source
    module = _exec(spec, sys.modules[name])
  File "<frozen importlib._bootstrap>", line 630, in _exec
  File "<frozen importlib._bootstrap_external>", line 728, in exec_module
  File "<frozen importlib._bootstrap>", line 219, in _call_with_frames_removed
  File "passenger_wsgi.py", line 8, in <module>
    wsgi = imp.load_source('wsgi', 'passenger_wsgi.py')
  File "/home/realpyth/virtualenv/udemy/3.7/lib64/python3.7/imp.py", line 169, in load_source
    module = _exec(spec, sys.modules[name])
  File "<frozen importlib._bootstrap>", line 630, in _exec
  File "<frozen importlib._bootstrap_external>", line 728, in exec_module
  File "<frozen importlib._bootstrap>", line 219, in _call_with_frames_removed
  File "passenger_wsgi.py", line 8, in <module>
    wsgi = imp.load_source('wsgi', 'passenger_wsgi.py')
  File "/home/realpyth/virtualenv/udemy/3.7/lib64/python3.7/imp.py", line 169, in load_source
    module = _exec(spec, sys.modules[name])
  File "<frozen importlib._bootstrap>", line 630, in _exec
  File "<frozen importlib._bootstrap_external>", line 728, in exec_module
  File "<frozen importlib._bootstrap>", line 219, in _call_with_frames_removed
  File "passenger_wsgi.py", line 8, in <module>
    wsgi = imp.load_source('wsgi', 'passenger_wsgi.py')
  File "/home/realpyth/virtualenv/udemy/3.7/lib64/python3.7/imp.py", line 169, in load_source
    module = _exec(spec, sys.modules[name])
  File "<frozen importlib._bootstrap>", line 630, in _exec
  File "<frozen importlib._bootstrap_external>", line 728, in exec_module
  File "<frozen importlib._bootstrap>", line 219, in _call_with_frames_removed
  File "passenger_wsgi.py", line 8, in <module>
    wsgi = imp.load_source('wsgi', 'passenger_wsgi.py')
  File "/home/realpyth/virtualenv/udemy/3.7/lib64/python3.7/imp.py", line 169, in load_source
    module = _exec(spec, sys.modules[name])
  File "<frozen importlib._bootstrap>", line 630, in _exec
  File "<frozen importlib._bootstrap_external>", line 728, in exec_module
  File "<frozen importlib._bootstrap>", line 219, in _call_with_frames_removed
  File "passenger_wsgi.py", line 8, in <module>
    wsgi = imp.load_source('wsgi', 'passenger_wsgi.py')
  File "/home/realpyth/virtualenv/udemy/3.7/lib64/python3.7/imp.py", line 169, in load_source
    module = _exec(spec, sys.modules[name])
  File "<frozen importlib._bootstrap>", line 630, in _exec
  File "<frozen importlib._bootstrap_external>", line 728, in exec_module
  File "<frozen importlib._bootstrap>", line 219, in _call_with_frames_removed
  File "passenger_wsgi.py", line 8, in <module>
    wsgi = imp.load_source('wsgi', 'passenger_wsgi.py')
  File "/home/realpyth/virtualenv/udemy/3.7/lib64/python3.7/imp.py", line 169, in load_source
    module = _exec(spec, sys.modules[name])
  File "<frozen importlib._bootstrap>", line 630, in _exec
  File "<frozen importlib._bootstrap_external>", line 728, in exec_module
  File "<frozen importlib._bootstrap>", line 219, in _call_with_frames_removed
  File "passenger_wsgi.py", line 8, in <module>
    wsgi = imp.load_source('wsgi', 'passenger_wsgi.py')
  File "/home/realpyth/virtualenv/udemy/3.7/lib64/python3.7/imp.py", line 169, in load_source
    module = _exec(spec, sys.modules[name])
  File "<frozen importlib._bootstrap>", line 630, in _exec
  File "<frozen importlib._bootstrap_external>", line 728, in exec_module
  File "<frozen importlib._bootstrap>", line 219, in _call_with_frames_removed
  File "passenger_wsgi.py", line 8, in <module>
    wsgi = imp.load_source('wsgi', 'passenger_wsgi.py')
  File "/home/realpyth/virtualenv/udemy/3.7/lib64/python3.7/imp.py", line 169, in load_source
    module = _exec(spec, sys.modules[name])
  File "<frozen importlib._bootstrap>", line 630, in _exec
  File "<frozen importlib._bootstrap_external>", line 728, in exec_module
  File "<frozen importlib._bootstrap>", line 219, in _call_with_frames_removed
  File "passenger_wsgi.py", line 8, in <module>
    wsgi = imp.load_source('wsgi', 'passenger_wsgi.py')
  File "/home/realpyth/virtualenv/udemy/3.7/lib64/python3.7/imp.py", line 169, in load_source
    module = _exec(spec, sys.modules[name])
  File "<frozen importlib._bootstrap>", line 630, in _exec
  File "<frozen importlib._bootstrap_external>", line 728, in exec_module
  File "<frozen importlib._bootstrap>", line 219, in _call_with_frames_removed
  File "passenger_wsgi.py", line 8, in <module>
    wsgi = imp.load_source('wsgi', 'passenger_wsgi.py')
  File "/home/realpyth/virtualenv/udemy/3.7/lib64/python3.7/imp.py", line 169, in load_source
    module = _exec(spec, sys.modules[name])
  File "<frozen importlib._bootstrap>", line 630, in _exec
  File "<frozen importlib._bootstrap_external>", line 728, in exec_module
  File "<frozen importlib._bootstrap>", line 219, in _call_with_frames_removed
  File "passenger_wsgi.py", line 8, in <module>
    wsgi = imp.load_source('wsgi', 'passenger_wsgi.py')
  File "/home/realpyth/virtualenv/udemy/3.7/lib64/python3.7/imp.py", line 169, in load_source
    module = _exec(spec, sys.modules[name])
  File "<frozen importlib._bootstrap>", line 630, in _exec
  File "<frozen importlib._bootstrap_external>", line 728, in exec_module
  File "<frozen importlib._bootstrap>", line 219, in _call_with_frames_removed
  File "passenger_wsgi.py", line 8, in <module>
    wsgi = imp.load_source('wsgi', 'passenger_wsgi.py')
  File "/home/realpyth/virtualenv/udemy/3.7/lib64/python3.7/imp.py", line 169, in load_source
    module = _exec(spec, sys.modules[name])
  File "<frozen importlib._bootstrap>", line 630, in _exec
  File "<frozen importlib._bootstrap_external>", line 728, in exec_module
  File "<frozen importlib._bootstrap>", line 219, in _call_with_frames_removed
  File "passenger_wsgi.py", line 8, in <module>
    wsgi = imp.load_source('wsgi', 'passenger_wsgi.py')
  File "/home/realpyth/virtualenv/udemy/3.7/lib64/python3.7/imp.py", line 169, in load_source
    module = _exec(spec, sys.modules[name])
  File "<frozen importlib._bootstrap>", line 630, in _exec
  File "<frozen importlib._bootstrap_external>", line 728, in exec_module
  File "<frozen importlib._bootstrap>", line 219, in _call_with_frames_removed
  File "passenger_wsgi.py", line 8, in <module>
    wsgi = imp.load_source('wsgi', 'passenger_wsgi.py')
  File "/home/realpyth/virtualenv/udemy/3.7/lib64/python3.7/imp.py", line 169, in load_source
    module = _exec(spec, sys.modules[name])
  File "<frozen importlib._bootstrap>", line 630, in _exec
  File "<frozen importlib._bootstrap_external>", line 728, in exec_module
  File "<frozen importlib._bootstrap>", line 219, in _call_with_frames_removed
  File "passenger_wsgi.py", line 8, in <module>
    wsgi = imp.load_source('wsgi', 'passenger_wsgi.py')
  File "/home/realpyth/virtualenv/udemy/3.7/lib64/python3.7/imp.py", line 169, in load_source
    module = _exec(spec, sys.modules[name])
  File "<frozen importlib._bootstrap>", line 630, in _exec
  File "<frozen importlib._bootstrap_external>", line 728, in exec_module
  File "<frozen importlib._bootstrap>", line 219, in _call_with_frames_removed
  File "passenger_wsgi.py", line 8, in <module>
    wsgi = imp.load_source('wsgi', 'passenger_wsgi.py')
  File "/home/realpyth/virtualenv/udemy/3.7/lib64/python3.7/imp.py", line 169, in load_source
    module = _exec(spec, sys.modules[name])
  File "<frozen importlib._bootstrap>", line 630, in _exec
  File "<frozen importlib._bootstrap_external>", line 728, in exec_module
  File "<frozen importlib._bootstrap>", line 219, in _call_with_frames_removed
  File "passenger_wsgi.py", line 8, in <module>
    wsgi = imp.load_source('wsgi', 'passenger_wsgi.py')
  File "/home/realpyth/virtualenv/udemy/3.7/lib64/python3.7/imp.py", line 169, in load_source
    module = _exec(spec, sys.modules[name])
  File "<frozen importlib._bootstrap>", line 630, in _exec
  File "<frozen importlib._bootstrap_external>", line 728, in exec_module
  File "<frozen importlib._bootstrap>", line 219, in _call_with_frames_removed
  File "passenger_wsgi.py", line 8, in <module>
    wsgi = imp.load_source('wsgi', 'passenger_wsgi.py')
  File "/home/realpyth/virtualenv/udemy/3.7/lib64/python3.7/imp.py", line 169, in load_source
    module = _exec(spec, sys.modules[name])
  File "<frozen importlib._bootstrap>", line 630, in _exec
  File "<frozen importlib._bootstrap_external>", line 728, in exec_module
  File "<frozen importlib._bootstrap>", line 219, in _call_with_frames_removed
  File "passenger_wsgi.py", line 8, in <module>
    wsgi = imp.load_source('wsgi', 'passenger_wsgi.py')
  File "/home/realpyth/virtualenv/udemy/3.7/lib64/python3.7/imp.py", line 169, in load_source
    module = _exec(spec, sys.modules[name])
  File "<frozen importlib._bootstrap>", line 630, in _exec
  File "<frozen importlib._bootstrap_external>", line 728, in exec_module
  File "<frozen importlib._bootstrap>", line 219, in _call_with_frames_removed
  File "passenger_wsgi.py", line 8, in <module>
    wsgi = imp.load_source('wsgi', 'passenger_wsgi.py')
  File "/home/realpyth/virtualenv/udemy/3.7/lib64/python3.7/imp.py", line 169, in load_source
    module = _exec(spec, sys.modules[name])
  File "<frozen importlib._bootstrap>", line 630, in _exec
  File "<frozen importlib._bootstrap_external>", line 728, in exec_module
  File "<frozen importlib._bootstrap>", line 219, in _call_with_frames_removed
  File "passenger_wsgi.py", line 8, in <module>
    wsgi = imp.load_source('wsgi', 'passenger_wsgi.py')
  File "/home/realpyth/virtualenv/udemy/3.7/lib64/python3.7/imp.py", line 169, in load_source
    module = _exec(spec, sys.modules[name])
  File "<frozen importlib._bootstrap>", line 630, in _exec
  File "<frozen importlib._bootstrap_external>", line 728, in exec_module
  File "<frozen importlib._bootstrap>", line 219, in _call_with_frames_removed
  File "passenger_wsgi.py", line 8, in <module>
    wsgi = imp.load_source('wsgi', 'passenger_wsgi.py')
  File "/home/realpyth/virtualenv/udemy/3.7/lib64/python3.7/imp.py", line 169, in load_source
    module = _exec(spec, sys.modules[name])
  File "<frozen importlib._bootstrap>", line 630, in _exec
  File "<frozen importlib._bootstrap_external>", line 728, in exec_module
  File "<frozen importlib._bootstrap>", line 219, in _call_with_frames_removed
  File "passenger_wsgi.py", line 8, in <module>
    wsgi = imp.load_source('wsgi', 'passenger_wsgi.py')
  File "/home/realpyth/virtualenv/udemy/3.7/lib64/python3.7/imp.py", line 169, in load_source
    module = _exec(spec, sys.modules[name])
  File "<frozen importlib._bootstrap>", line 630, in _exec
  File "<frozen importlib._bootstrap_external>", line 728, in exec_module
  File "<frozen importlib._bootstrap>", line 219, in _call_with_frames_removed
  File "passenger_wsgi.py", line 8, in <module>
    wsgi = imp.load_source('wsgi', 'passenger_wsgi.py')
  File "/home/realpyth/virtualenv/udemy/3.7/lib64/python3.7/imp.py", line 169, in load_source
    module = _exec(spec, sys.modules[name])
  File "<frozen importlib._bootstrap>", line 630, in _exec
  File "<frozen importlib._bootstrap_external>", line 728, in exec_module
  File "<frozen importlib._bootstrap>", line 219, in _call_with_frames_removed
  File "passenger_wsgi.py", line 8, in <module>
    wsgi = imp.load_source('wsgi', 'passenger_wsgi.py')
  File "/home/realpyth/virtualenv/udemy/3.7/lib64/python3.7/imp.py", line 169, in load_source
    module = _exec(spec, sys.modules[name])
  File "<frozen importlib._bootstrap>", line 630, in _exec
  File "<frozen importlib._bootstrap_external>", line 728, in exec_module
  File "<frozen importlib._bootstrap>", line 219, in _call_with_frames_removed
  File "passenger_wsgi.py", line 8, in <module>
    wsgi = imp.load_source('wsgi', 'passenger_wsgi.py')
  File "/home/realpyth/virtualenv/udemy/3.7/lib64/python3.7/imp.py", line 169, in load_source
    module = _exec(spec, sys.modules[name])
  File "<frozen importlib._bootstrap>", line 630, in _exec
  File "<frozen importlib._bootstrap_external>", line 728, in exec_module
  File "<frozen importlib._bootstrap>", line 219, in _call_with_frames_removed
  File "passenger_wsgi.py", line 8, in <module>
    wsgi = imp.load_source('wsgi', 'passenger_wsgi.py')
  File "/home/realpyth/virtualenv/udemy/3.7/lib64/python3.7/imp.py", line 169, in load_source
    module = _exec(spec, sys.modules[name])
  File "<frozen importlib._bootstrap>", line 630, in _exec
  File "<frozen importlib._bootstrap_external>", line 728, in exec_module
  File "<frozen importlib._bootstrap>", line 219, in _call_with_frames_removed
  File "passenger_wsgi.py", line 8, in <module>
    wsgi = imp.load_source('wsgi', 'passenger_wsgi.py')
  File "/home/realpyth/virtualenv/udemy/3.7/lib64/python3.7/imp.py", line 169, in load_source
    module = _exec(spec, sys.modules[name])
  File "<frozen importlib._bootstrap>", line 630, in _exec
  File "<frozen importlib._bootstrap_external>", line 728, in exec_module
  File "<frozen importlib._bootstrap>", line 219, in _call_with_frames_removed
  File "passenger_wsgi.py", line 8, in <module>
    wsgi = imp.load_source('wsgi', 'passenger_wsgi.py')
  File "/home/realpyth/virtualenv/udemy/3.7/lib64/python3.7/imp.py", line 169, in load_source
    module = _exec(spec, sys.modules[name])
  File "<frozen importlib._bootstrap>", line 630, in _exec
  File "<frozen importlib._bootstrap_external>", line 728, in exec_module
  File "<frozen importlib._bootstrap>", line 219, in _call_with_frames_removed
  File "passenger_wsgi.py", line 8, in <module>
    wsgi = imp.load_source('wsgi', 'passenger_wsgi.py')
  File "/home/realpyth/virtualenv/udemy/3.7/lib64/python3.7/imp.py", line 169, in load_source
    module = _exec(spec, sys.modules[name])
  File "<frozen importlib._bootstrap>", line 630, in _exec
  File "<frozen importlib._bootstrap_external>", line 728, in exec_module
  File "<frozen importlib._bootstrap>", line 219, in _call_with_frames_removed
  File "passenger_wsgi.py", line 8, in <module>
    wsgi = imp.load_source('wsgi', 'passenger_wsgi.py')
  File "/home/realpyth/virtualenv/udemy/3.7/lib64/python3.7/imp.py", line 169, in load_source
    module = _exec(spec, sys.modules[name])
  File "<frozen importlib._bootstrap>", line 630, in _exec
  File "<frozen importlib._bootstrap_external>", line 728, in exec_module
  File "<frozen importlib._bootstrap>", line 219, in _call_with_frames_removed
  File "passenger_wsgi.py", line 8, in <module>
    wsgi = imp.load_source('wsgi', 'passenger_wsgi.py')
  File "/home/realpyth/virtualenv/udemy/3.7/lib64/python3.7/imp.py", line 169, in load_source
    module = _exec(spec, sys.modules[name])
  File "<frozen importlib._bootstrap>", line 630, in _exec
  File "<frozen importlib._bootstrap_external>", line 728, in exec_module
  File "<frozen importlib._bootstrap>", line 219, in _call_with_frames_removed
  File "passenger_wsgi.py", line 8, in <module>
    wsgi = imp.load_source('wsgi', 'passenger_wsgi.py')
  File "/home/realpyth/virtualenv/udemy/3.7/lib64/python3.7/imp.py", line 169, in load_source
    module = _exec(spec, sys.modules[name])
  File "<frozen importlib._bootstrap>", line 630, in _exec
  File "<frozen importlib._bootstrap_external>", line 728, in exec_module
  File "<frozen importlib._bootstrap>", line 219, in _call_with_frames_removed
  File "passenger_wsgi.py", line 8, in <module>
    wsgi = imp.load_source('wsgi', 'passenger_wsgi.py')
  File "/home/realpyth/virtualenv/udemy/3.7/lib64/python3.7/imp.py", line 169, in load_source
    module = _exec(spec, sys.modules[name])
  File "<frozen importlib._bootstrap>", line 630, in _exec
  File "<frozen importlib._bootstrap_external>", line 728, in exec_module
  File "<frozen importlib._bootstrap>", line 219, in _call_with_frames_removed
  File "passenger_wsgi.py", line 8, in <module>
    wsgi = imp.load_source('wsgi', 'passenger_wsgi.py')
  File "/home/realpyth/virtualenv/udemy/3.7/lib64/python3.7/imp.py", line 169, in load_source
    module = _exec(spec, sys.modules[name])
  File "<frozen importlib._bootstrap>", line 630, in _exec
  File "<frozen importlib._bootstrap_external>", line 728, in exec_module
  File "<frozen importlib._bootstrap>", line 219, in _call_with_frames_removed
  File "passenger_wsgi.py", line 8, in <module>
    wsgi = imp.load_source('wsgi', 'passenger_wsgi.py')
  File "/home/realpyth/virtualenv/udemy/3.7/lib64/python3.7/imp.py", line 169, in load_source
    module = _exec(spec, sys.modules[name])
  File "<frozen importlib._bootstrap>", line 630, in _exec
  File "<frozen importlib._bootstrap_external>", line 728, in exec_module
  File "<frozen importlib._bootstrap>", line 219, in _call_with_frames_removed
  File "passenger_wsgi.py", line 8, in <module>
    wsgi = imp.load_source('wsgi', 'passenger_wsgi.py')
  File "/home/realpyth/virtualenv/udemy/3.7/lib64/python3.7/imp.py", line 169, in load_source
    module = _exec(spec, sys.modules[name])
  File "<frozen importlib._bootstrap>", line 630, in _exec
  File "<frozen importlib._bootstrap_external>", line 728, in exec_module
  File "<frozen importlib._bootstrap>", line 219, in _call_with_frames_removed
  File "passenger_wsgi.py", line 8, in <module>
    wsgi = imp.load_source('wsgi', 'passenger_wsgi.py')
  File "/home/realpyth/virtualenv/udemy/3.7/lib64/python3.7/imp.py", line 169, in load_source
    module = _exec(spec, sys.modules[name])
  File "<frozen importlib._bootstrap>", line 630, in _exec
  File "<frozen importlib._bootstrap_external>", line 728, in exec_module
  File "<frozen importlib._bootstrap>", line 219, in _call_with_frames_removed
  File "passenger_wsgi.py", line 8, in <module>
    wsgi = imp.load_source('wsgi', 'passenger_wsgi.py')
  File "/home/realpyth/virtualenv/udemy/3.7/lib64/python3.7/imp.py", line 169, in load_source
    module = _exec(spec, sys.modules[name])
  File "<frozen importlib._bootstrap>", line 630, in _exec
  File "<frozen importlib._bootstrap_external>", line 728, in exec_module
  File "<frozen importlib._bootstrap>", line 219, in _call_with_frames_removed
  File "passenger_wsgi.py", line 8, in <module>
    wsgi = imp.load_source('wsgi', 'passenger_wsgi.py')
  File "/home/realpyth/virtualenv/udemy/3.7/lib64/python3.7/imp.py", line 169, in load_source
    module = _exec(spec, sys.modules[name])
  File "<frozen importlib._bootstrap>", line 630, in _exec
  File "<frozen importlib._bootstrap_external>", line 728, in exec_module
  File "<frozen importlib._bootstrap>", line 219, in _call_with_frames_removed
  File "passenger_wsgi.py", line 8, in <module>
    wsgi = imp.load_source('wsgi', 'passenger_wsgi.py')
  File "/home/realpyth/virtualenv/udemy/3.7/lib64/python3.7/imp.py", line 169, in load_source
    module = _exec(spec, sys.modules[name])
  File "<frozen importlib._bootstrap>", line 630, in _exec
  File "<frozen importlib._bootstrap_external>", line 728, in exec_module
  File "<frozen importlib._bootstrap>", line 219, in _call_with_frames_removed
  File "passenger_wsgi.py", line 8, in <module>
    wsgi = imp.load_source('wsgi', 'passenger_wsgi.py')
  File "/home/realpyth/virtualenv/udemy/3.7/lib64/python3.7/imp.py", line 169, in load_source
    module = _exec(spec, sys.modules[name])
  File "<frozen importlib._bootstrap>", line 630, in _exec
  File "<frozen importlib._bootstrap_external>", line 728, in exec_module
  File "<frozen importlib._bootstrap>", line 219, in _call_with_frames_removed
  File "passenger_wsgi.py", line 8, in <module>
    wsgi = imp.load_source('wsgi', 'passenger_wsgi.py')
  File "/home/realpyth/virtualenv/udemy/3.7/lib64/python3.7/imp.py", line 169, in load_source
    module = _exec(spec, sys.modules[name])
  File "<frozen importlib._bootstrap>", line 630, in _exec
  File "<frozen importlib._bootstrap_external>", line 728, in exec_module
  File "<frozen importlib._bootstrap>", line 219, in _call_with_frames_removed
  File "passenger_wsgi.py", line 8, in <module>
    wsgi = imp.load_source('wsgi', 'passenger_wsgi.py')
  File "/home/realpyth/virtualenv/udemy/3.7/lib64/python3.7/imp.py", line 169, in load_source
    module = _exec(spec, sys.modules[name])
  File "<frozen importlib._bootstrap>", line 630, in _exec
  File "<frozen importlib._bootstrap_external>", line 728, in exec_module
  File "<frozen importlib._bootstrap>", line 219, in _call_with_frames_removed
  File "passenger_wsgi.py", line 8, in <module>
    wsgi = imp.load_source('wsgi', 'passenger_wsgi.py')
  File "/home/realpyth/virtualenv/udemy/3.7/lib64/python3.7/imp.py", line 169, in load_source
    module = _exec(spec, sys.modules[name])
  File "<frozen importlib._bootstrap>", line 630, in _exec
  File "<frozen importlib._bootstrap_external>", line 728, in exec_module
  File "<frozen importlib._bootstrap>", line 219, in _call_with_frames_removed
  File "passenger_wsgi.py", line 8, in <module>
    wsgi = imp.load_source('wsgi', 'passenger_wsgi.py')
  File "/home/realpyth/virtualenv/udemy/3.7/lib64/python3.7/imp.py", line 169, in load_source
    module = _exec(spec, sys.modules[name])
  File "<frozen importlib._bootstrap>", line 630, in _exec
  File "<frozen importlib._bootstrap_external>", line 728, in exec_module
  File "<frozen importlib._bootstrap>", line 219, in _call_with_frames_removed
  File "passenger_wsgi.py", line 8, in <module>
    wsgi = imp.load_source('wsgi', 'passenger_wsgi.py')
  File "/home/realpyth/virtualenv/udemy/3.7/lib64/python3.7/imp.py", line 169, in load_source
    module = _exec(spec, sys.modules[name])
  File "<frozen importlib._bootstrap>", line 630, in _exec
  File "<frozen importlib._bootstrap_external>", line 728, in exec_module
  File "<frozen importlib._bootstrap>", line 219, in _call_with_frames_removed
  File "passenger_wsgi.py", line 8, in <module>
    wsgi = imp.load_source('wsgi', 'passenger_wsgi.py')
  File "/home/realpyth/virtualenv/udemy/3.7/lib64/python3.7/imp.py", line 169, in load_source
    module = _exec(spec, sys.modules[name])
  File "<frozen importlib._bootstrap>", line 630, in _exec
  File "<frozen importlib._bootstrap_external>", line 728, in exec_module
  File "<frozen importlib._bootstrap>", line 219, in _call_with_frames_removed
  File "passenger_wsgi.py", line 8, in <module>
    wsgi = imp.load_source('wsgi', 'passenger_wsgi.py')
  File "/home/realpyth/virtualenv/udemy/3.7/lib64/python3.7/imp.py", line 169, in load_source
    module = _exec(spec, sys.modules[name])
  File "<frozen importlib._bootstrap>", line 630, in _exec
  File "<frozen importlib._bootstrap_external>", line 728, in exec_module
  File "<frozen importlib._bootstrap>", line 219, in _call_with_frames_removed
  File "passenger_wsgi.py", line 8, in <module>
    wsgi = imp.load_source('wsgi', 'passenger_wsgi.py')
  File "/home/realpyth/virtualenv/udemy/3.7/lib64/python3.7/imp.py", line 169, in load_source
    module = _exec(spec, sys.modules[name])
  File "<frozen importlib._bootstrap>", line 630, in _exec
  File "<frozen importlib._bootstrap_external>", line 728, in exec_module
  File "<frozen importlib._bootstrap>", line 219, in _call_with_frames_removed
  File "passenger_wsgi.py", line 8, in <module>
    wsgi = imp.load_source('wsgi', 'passenger_wsgi.py')
  File "/home/realpyth/virtualenv/udemy/3.7/lib64/python3.7/imp.py", line 169, in load_source
    module = _exec(spec, sys.modules[name])
  File "<frozen importlib._bootstrap>", line 630, in _exec
  File "<frozen importlib._bootstrap_external>", line 728, in exec_module
  File "<frozen importlib._bootstrap>", line 219, in _call_with_frames_removed
  File "passenger_wsgi.py", line 8, in <module>
    wsgi = imp.load_source('wsgi', 'passenger_wsgi.py')
  File "/home/realpyth/virtualenv/udemy/3.7/lib64/python3.7/imp.py", line 169, in load_source
    module = _exec(spec, sys.modules[name])
  File "<frozen importlib._bootstrap>", line 630, in _exec
  File "<frozen importlib._bootstrap_external>", line 728, in exec_module
  File "<frozen importlib._bootstrap>", line 219, in _call_with_frames_removed
  File "passenger_wsgi.py", line 8, in <module>
    wsgi = imp.load_source('wsgi', 'passenger_wsgi.py')
  File "/home/realpyth/virtualenv/udemy/3.7/lib64/python3.7/imp.py", line 169, in load_source
    module = _exec(spec, sys.modules[name])
  File "<frozen importlib._bootstrap>", line 630, in _exec
  File "<frozen importlib._bootstrap_external>", line 728, in exec_module
  File "<frozen importlib._bootstrap>", line 219, in _call_with_frames_removed
  File "passenger_wsgi.py", line 8, in <module>
    wsgi = imp.load_source('wsgi', 'passenger_wsgi.py')
  File "/home/realpyth/virtualenv/udemy/3.7/lib64/python3.7/imp.py", line 169, in load_source
    module = _exec(spec, sys.modules[name])
  File "<frozen importlib._bootstrap>", line 630, in _exec
  File "<frozen importlib._bootstrap_external>", line 728, in exec_module
  File "<frozen importlib._bootstrap>", line 219, in _call_with_frames_removed
  File "passenger_wsgi.py", line 8, in <module>
    wsgi = imp.load_source('wsgi', 'passenger_wsgi.py')
  File "/home/realpyth/virtualenv/udemy/3.7/lib64/python3.7/imp.py", line 169, in load_source
    module = _exec(spec, sys.modules[name])
  File "<frozen importlib._bootstrap>", line 630, in _exec
  File "<frozen importlib._bootstrap_external>", line 728, in exec_module
  File "<frozen importlib._bootstrap>", line 219, in _call_with_frames_removed
  File "passenger_wsgi.py", line 8, in <module>
    wsgi = imp.load_source('wsgi', 'passenger_wsgi.py')
  File "/home/realpyth/virtualenv/udemy/3.7/lib64/python3.7/imp.py", line 169, in load_source
    module = _exec(spec, sys.modules[name])
  File "<frozen importlib._bootstrap>", line 630, in _exec
  File "<frozen importlib._bootstrap_external>", line 728, in exec_module
  File "<frozen importlib._bootstrap>", line 219, in _call_with_frames_removed
  File "passenger_wsgi.py", line 8, in <module>
    wsgi = imp.load_source('wsgi', 'passenger_wsgi.py')
  File "/home/realpyth/virtualenv/udemy/3.7/lib64/python3.7/imp.py", line 169, in load_source
    module = _exec(spec, sys.modules[name])
  File "<frozen importlib._bootstrap>", line 630, in _exec
  File "<frozen importlib._bootstrap_external>", line 728, in exec_module
  File "<frozen importlib._bootstrap>", line 219, in _call_with_frames_removed
  File "passenger_wsgi.py", line 8, in <module>
    wsgi = imp.load_source('wsgi', 'passenger_wsgi.py')
  File "/home/realpyth/virtualenv/udemy/3.7/lib64/python3.7/imp.py", line 169, in load_source
    module = _exec(spec, sys.modules[name])
  File "<frozen importlib._bootstrap>", line 630, in _exec
  File "<frozen importlib._bootstrap_external>", line 728, in exec_module
  File "<frozen importlib._bootstrap>", line 219, in _call_with_frames_removed
  File "passenger_wsgi.py", line 8, in <module>
    wsgi = imp.load_source('wsgi', 'passenger_wsgi.py')
  File "/home/realpyth/virtualenv/udemy/3.7/lib64/python3.7/imp.py", line 169, in load_source
    module = _exec(spec, sys.modules[name])
  File "<frozen importlib._bootstrap>", line 630, in _exec
  File "<frozen importlib._bootstrap_external>", line 728, in exec_module
  File "<frozen importlib._bootstrap>", line 219, in _call_with_frames_removed
  File "passenger_wsgi.py", line 8, in <module>
    wsgi = imp.load_source('wsgi', 'passenger_wsgi.py')
  File "/home/realpyth/virtualenv/udemy/3.7/lib64/python3.7/imp.py", line 169, in load_source
    module = _exec(spec, sys.modules[name])
  File "<frozen importlib._bootstrap>", line 630, in _exec
  File "<frozen importlib._bootstrap_external>", line 728, in exec_module
  File "<frozen importlib._bootstrap>", line 219, in _call_with_frames_removed
  File "passenger_wsgi.py", line 8, in <module>
    wsgi = imp.load_source('wsgi', 'passenger_wsgi.py')
  File "/home/realpyth/virtualenv/udemy/3.7/lib64/python3.7/imp.py", line 169, in load_source
    module = _exec(spec, sys.modules[name])
  File "<frozen importlib._bootstrap>", line 630, in _exec
  File "<frozen importlib._bootstrap_external>", line 728, in exec_module
  File "<frozen importlib._bootstrap>", line 219, in _call_with_frames_removed
  File "passenger_wsgi.py", line 8, in <module>
    wsgi = imp.load_source('wsgi', 'passenger_wsgi.py')
  File "/home/realpyth/virtualenv/udemy/3.7/lib64/python3.7/imp.py", line 169, in load_source
    module = _exec(spec, sys.modules[name])
  File "<frozen importlib._bootstrap>", line 630, in _exec
  File "<frozen importlib._bootstrap_external>", line 728, in exec_module
  File "<frozen importlib._bootstrap>", line 219, in _call_with_frames_removed
  File "passenger_wsgi.py", line 8, in <module>
    wsgi = imp.load_source('wsgi', 'passenger_wsgi.py')
  File "/home/realpyth/virtualenv/udemy/3.7/lib64/python3.7/imp.py", line 169, in load_source
    module = _exec(spec, sys.modules[name])
  File "<frozen importlib._bootstrap>", line 630, in _exec
  File "<frozen importlib._bootstrap_external>", line 728, in exec_module
  File "<frozen importlib._bootstrap>", line 219, in _call_with_frames_removed
  File "passenger_wsgi.py", line 8, in <module>
    wsgi = imp.load_source('wsgi', 'passenger_wsgi.py')
  File "/home/realpyth/virtualenv/udemy/3.7/lib64/python3.7/imp.py", line 169, in load_source
    module = _exec(spec, sys.modules[name])
  File "<frozen importlib._bootstrap>", line 630, in _exec
  File "<frozen importlib._bootstrap_external>", line 728, in exec_module
  File "<frozen importlib._bootstrap>", line 219, in _call_with_frames_removed
  File "passenger_wsgi.py", line 8, in <module>
    wsgi = imp.load_source('wsgi', 'passenger_wsgi.py')
  File "/home/realpyth/virtualenv/udemy/3.7/lib64/python3.7/imp.py", line 169, in load_source
    module = _exec(spec, sys.modules[name])
  File "<frozen importlib._bootstrap>", line 630, in _exec
  File "<frozen importlib._bootstrap_external>", line 728, in exec_module
  File "<frozen importlib._bootstrap>", line 219, in _call_with_frames_removed
  File "passenger_wsgi.py", line 8, in <module>
    wsgi = imp.load_source('wsgi', 'passenger_wsgi.py')
  File "/home/realpyth/virtualenv/udemy/3.7/lib64/python3.7/imp.py", line 169, in load_source
    module = _exec(spec, sys.modules[name])
  File "<frozen importlib._bootstrap>", line 630, in _exec
  File "<frozen importlib._bootstrap_external>", line 728, in exec_module
  File "<frozen importlib._bootstrap>", line 219, in _call_with_frames_removed
  File "passenger_wsgi.py", line 8, in <module>
    wsgi = imp.load_source('wsgi', 'passenger_wsgi.py')
  File "/home/realpyth/virtualenv/udemy/3.7/lib64/python3.7/imp.py", line 169, in load_source
    module = _exec(spec, sys.modules[name])
  File "<frozen importlib._bootstrap>", line 630, in _exec
  File "<frozen importlib._bootstrap_external>", line 728, in exec_module
  File "<frozen importlib._bootstrap>", line 219, in _call_with_frames_removed
  File "passenger_wsgi.py", line 8, in <module>
    wsgi = imp.load_source('wsgi', 'passenger_wsgi.py')
  File "/home/realpyth/virtualenv/udemy/3.7/lib64/python3.7/imp.py", line 169, in load_source
    module = _exec(spec, sys.modules[name])
  File "<frozen importlib._bootstrap>", line 630, in _exec
  File "<frozen importlib._bootstrap_external>", line 728, in exec_module
  File "<frozen importlib._bootstrap>", line 219, in _call_with_frames_removed
  File "passenger_wsgi.py", line 8, in <module>
    wsgi = imp.load_source('wsgi', 'passenger_wsgi.py')
  File "/home/realpyth/virtualenv/udemy/3.7/lib64/python3.7/imp.py", line 169, in load_source
    module = _exec(spec, sys.modules[name])
  File "<frozen importlib._bootstrap>", line 630, in _exec
  File "<frozen importlib._bootstrap_external>", line 728, in exec_module
  File "<frozen importlib._bootstrap>", line 219, in _call_with_frames_removed
  File "passenger_wsgi.py", line 8, in <module>
    wsgi = imp.load_source('wsgi', 'passenger_wsgi.py')
  File "/home/realpyth/virtualenv/udemy/3.7/lib64/python3.7/imp.py", line 169, in load_source
    module = _exec(spec, sys.modules[name])
  File "<frozen importlib._bootstrap>", line 630, in _exec
  File "<frozen importlib._bootstrap_external>", line 728, in exec_module
  File "<frozen importlib._bootstrap>", line 219, in _call_with_frames_removed
  File "passenger_wsgi.py", line 8, in <module>
    wsgi = imp.load_source('wsgi', 'passenger_wsgi.py')
  File "/home/realpyth/virtualenv/udemy/3.7/lib64/python3.7/imp.py", line 169, in load_source
    module = _exec(spec, sys.modules[name])
  File "<frozen importlib._bootstrap>", line 630, in _exec
  File "<frozen importlib._bootstrap_external>", line 728, in exec_module
  File "<frozen importlib._bootstrap>", line 219, in _call_with_frames_removed
  File "passenger_wsgi.py", line 8, in <module>
    wsgi = imp.load_source('wsgi', 'passenger_wsgi.py')
  File "/home/realpyth/virtualenv/udemy/3.7/lib64/python3.7/imp.py", line 169, in load_source
    module = _exec(spec, sys.modules[name])
  File "<frozen importlib._bootstrap>", line 630, in _exec
  File "<frozen importlib._bootstrap_external>", line 728, in exec_module
  File "<frozen importlib._bootstrap>", line 219, in _call_with_frames_removed
  File "passenger_wsgi.py", line 8, in <module>
    wsgi = imp.load_source('wsgi', 'passenger_wsgi.py')
  File "/home/realpyth/virtualenv/udemy/3.7/lib64/python3.7/imp.py", line 169, in load_source
    module = _exec(spec, sys.modules[name])
  File "<frozen importlib._bootstrap>", line 630, in _exec
  File "<frozen importlib._bootstrap_external>", line 728, in exec_module
  File "<frozen importlib._bootstrap>", line 219, in _call_with_frames_removed
  File "passenger_wsgi.py", line 8, in <module>
    wsgi = imp.load_source('wsgi', 'passenger_wsgi.py')
  File "/home/realpyth/virtualenv/udemy/3.7/lib64/python3.7/imp.py", line 169, in load_source
    module = _exec(spec, sys.modules[name])
  File "<frozen importlib._bootstrap>", line 630, in _exec
  File "<frozen importlib._bootstrap_external>", line 728, in exec_module
  File "<frozen importlib._bootstrap>", line 219, in _call_with_frames_removed
  File "passenger_wsgi.py", line 8, in <module>
    wsgi = imp.load_source('wsgi', 'passenger_wsgi.py')
  File "/home/realpyth/virtualenv/udemy/3.7/lib64/python3.7/imp.py", line 169, in load_source
    module = _exec(spec, sys.modules[name])
  File "<frozen importlib._bootstrap>", line 630, in _exec
  File "<frozen importlib._bootstrap_external>", line 728, in exec_module
  File "<frozen importlib._bootstrap>", line 219, in _call_with_frames_removed
  File "passenger_wsgi.py", line 8, in <module>
    wsgi = imp.load_source('wsgi', 'passenger_wsgi.py')
  File "/home/realpyth/virtualenv/udemy/3.7/lib64/python3.7/imp.py", line 169, in load_source
    module = _exec(spec, sys.modules[name])
  File "<frozen importlib._bootstrap>", line 630, in _exec
  File "<frozen importlib._bootstrap_external>", line 728, in exec_module
  File "<frozen importlib._bootstrap>", line 219, in _call_with_frames_removed
  File "passenger_wsgi.py", line 8, in <module>
    wsgi = imp.load_source('wsgi', 'passenger_wsgi.py')
  File "/home/realpyth/virtualenv/udemy/3.7/lib64/python3.7/imp.py", line 169, in load_source
    module = _exec(spec, sys.modules[name])
  File "<frozen importlib._bootstrap>", line 630, in _exec
  File "<frozen importlib._bootstrap_external>", line 728, in exec_module
  File "<frozen importlib._bootstrap>", line 219, in _call_with_frames_removed
  File "passenger_wsgi.py", line 8, in <module>
    wsgi = imp.load_source('wsgi', 'passenger_wsgi.py')
  File "/home/realpyth/virtualenv/udemy/3.7/lib64/python3.7/imp.py", line 169, in load_source
    module = _exec(spec, sys.modules[name])
  File "<frozen importlib._bootstrap>", line 630, in _exec
  File "<frozen importlib._bootstrap_external>", line 728, in exec_module
  File "<frozen importlib._bootstrap>", line 219, in _call_with_frames_removed
  File "passenger_wsgi.py", line 8, in <module>
    wsgi = imp.load_source('wsgi', 'passenger_wsgi.py')
  File "/home/realpyth/virtualenv/udemy/3.7/lib64/python3.7/imp.py", line 169, in load_source
    module = _exec(spec, sys.modules[name])
  File "<frozen importlib._bootstrap>", line 630, in _exec
  File "<frozen importlib._bootstrap_external>", line 728, in exec_module
  File "<frozen importlib._bootstrap>", line 219, in _call_with_frames_removed
  File "passenger_wsgi.py", line 8, in <module>
    wsgi = imp.load_source('wsgi', 'passenger_wsgi.py')
  File "/home/realpyth/virtualenv/udemy/3.7/lib64/python3.7/imp.py", line 169, in load_source
    module = _exec(spec, sys.modules[name])
  File "<frozen importlib._bootstrap>", line 630, in _exec
  File "<frozen importlib._bootstrap_external>", line 728, in exec_module
  File "<frozen importlib._bootstrap>", line 219, in _call_with_frames_removed
  File "passenger_wsgi.py", line 8, in <module>
    wsgi = imp.load_source('wsgi', 'passenger_wsgi.py')
  File "/home/realpyth/virtualenv/udemy/3.7/lib64/python3.7/imp.py", line 169, in load_source
    module = _exec(spec, sys.modules[name])
  File "<frozen importlib._bootstrap>", line 630, in _exec
  File "<frozen importlib._bootstrap_external>", line 728, in exec_module
  File "<frozen importlib._bootstrap>", line 219, in _call_with_frames_removed
  File "passenger_wsgi.py", line 8, in <module>
    wsgi = imp.load_source('wsgi', 'passenger_wsgi.py')
  File "/home/realpyth/virtualenv/udemy/3.7/lib64/python3.7/imp.py", line 169, in load_source
    module = _exec(spec, sys.modules[name])
  File "<frozen importlib._bootstrap>", line 630, in _exec
  File "<frozen importlib._bootstrap_external>", line 728, in exec_module
  File "<frozen importlib._bootstrap>", line 219, in _call_with_frames_removed
  File "passenger_wsgi.py", line 8, in <module>
    wsgi = imp.load_source('wsgi', 'passenger_wsgi.py')
  File "/home/realpyth/virtualenv/udemy/3.7/lib64/python3.7/imp.py", line 169, in load_source
    module = _exec(spec, sys.modules[name])
  File "<frozen importlib._bootstrap>", line 630, in _exec
  File "<frozen importlib._bootstrap_external>", line 728, in exec_module
  File "<frozen importlib._bootstrap>", line 219, in _call_with_frames_removed
  File "passenger_wsgi.py", line 8, in <module>
    wsgi = imp.load_source('wsgi', 'passenger_wsgi.py')
  File "/home/realpyth/virtualenv/udemy/3.7/lib64/python3.7/imp.py", line 169, in load_source
    module = _exec(spec, sys.modules[name])
  File "<frozen importlib._bootstrap>", line 630, in _exec
  File "<frozen importlib._bootstrap_external>", line 728, in exec_module
  File "<frozen importlib._bootstrap>", line 219, in _call_with_frames_removed
  File "passenger_wsgi.py", line 8, in <module>
    wsgi = imp.load_source('wsgi', 'passenger_wsgi.py')
  File "/home/realpyth/virtualenv/udemy/3.7/lib64/python3.7/imp.py", line 169, in load_source
    module = _exec(spec, sys.modules[name])
  File "<frozen importlib._bootstrap>", line 630, in _exec
  File "<frozen importlib._bootstrap_external>", line 728, in exec_module
  File "<frozen importlib._bootstrap>", line 219, in _call_with_frames_removed
  File "passenger_wsgi.py", line 8, in <module>
    wsgi = imp.load_source('wsgi', 'passenger_wsgi.py')
  File "/home/realpyth/virtualenv/udemy/3.7/lib64/python3.7/imp.py", line 169, in load_source
    module = _exec(spec, sys.modules[name])
  File "<frozen importlib._bootstrap>", line 630, in _exec
  File "<frozen importlib._bootstrap_external>", line 728, in exec_module
  File "<frozen importlib._bootstrap>", line 219, in _call_with_frames_removed
  File "passenger_wsgi.py", line 8, in <module>
    wsgi = imp.load_source('wsgi', 'passenger_wsgi.py')
  File "/home/realpyth/virtualenv/udemy/3.7/lib64/python3.7/imp.py", line 169, in load_source
    module = _exec(spec, sys.modules[name])
  File "<frozen importlib._bootstrap>", line 630, in _exec
  File "<frozen importlib._bootstrap_external>", line 728, in exec_module
  File "<frozen importlib._bootstrap>", line 219, in _call_with_frames_removed
  File "passenger_wsgi.py", line 8, in <module>
    wsgi = imp.load_source('wsgi', 'passenger_wsgi.py')
  File "/home/realpyth/virtualenv/udemy/3.7/lib64/python3.7/imp.py", line 169, in load_source
    module = _exec(spec, sys.modules[name])
  File "<frozen importlib._bootstrap>", line 630, in _exec
  File "<frozen importlib._bootstrap_external>", line 728, in exec_module
  File "<frozen importlib._bootstrap>", line 219, in _call_with_frames_removed
  File "passenger_wsgi.py", line 8, in <module>
    wsgi = imp.load_source('wsgi', 'passenger_wsgi.py')
  File "/home/realpyth/virtualenv/udemy/3.7/lib64/python3.7/imp.py", line 169, in load_source
    module = _exec(spec, sys.modules[name])
  File "<frozen importlib._bootstrap>", line 630, in _exec
  File "<frozen importlib._bootstrap_external>", line 728, in exec_module
  File "<frozen importlib._bootstrap>", line 219, in _call_with_frames_removed
  File "passenger_wsgi.py", line 8, in <module>
    wsgi = imp.load_source('wsgi', 'passenger_wsgi.py')
  File "/home/realpyth/virtualenv/udemy/3.7/lib64/python3.7/imp.py", line 169, in load_source
    module = _exec(spec, sys.modules[name])
  File "<frozen importlib._bootstrap>", line 630, in _exec
  File "<frozen importlib._bootstrap_external>", line 728, in exec_module
  File "<frozen importlib._bootstrap>", line 219, in _call_with_frames_removed
  File "passenger_wsgi.py", line 8, in <module>
    wsgi = imp.load_source('wsgi', 'passenger_wsgi.py')
  File "/home/realpyth/virtualenv/udemy/3.7/lib64/python3.7/imp.py", line 169, in load_source
    module = _exec(spec, sys.modules[name])
  File "<frozen importlib._bootstrap>", line 630, in _exec
  File "<frozen importlib._bootstrap_external>", line 728, in exec_module
  File "<frozen importlib._bootstrap>", line 219, in _call_with_frames_removed
  File "passenger_wsgi.py", line 8, in <module>
    wsgi = imp.load_source('wsgi', 'passenger_wsgi.py')
  File "/home/realpyth/virtualenv/udemy/3.7/lib64/python3.7/imp.py", line 169, in load_source
    module = _exec(spec, sys.modules[name])
  File "<frozen importlib._bootstrap>", line 630, in _exec
  File "<frozen importlib._bootstrap_external>", line 728, in exec_module
  File "<frozen importlib._bootstrap>", line 219, in _call_with_frames_removed
  File "passenger_wsgi.py", line 8, in <module>
    wsgi = imp.load_source('wsgi', 'passenger_wsgi.py')
  File "/home/realpyth/virtualenv/udemy/3.7/lib64/python3.7/imp.py", line 169, in load_source
    module = _exec(spec, sys.modules[name])
  File "<frozen importlib._bootstrap>", line 630, in _exec
  File "<frozen importlib._bootstrap_external>", line 728, in exec_module
  File "<frozen importlib._bootstrap>", line 219, in _call_with_frames_removed
  File "passenger_wsgi.py", line 8, in <module>
    wsgi = imp.load_source('wsgi', 'passenger_wsgi.py')
  File "/home/realpyth/virtualenv/udemy/3.7/lib64/python3.7/imp.py", line 169, in load_source
    module = _exec(spec, sys.modules[name])
  File "<frozen importlib._bootstrap>", line 630, in _exec
  File "<frozen importlib._bootstrap_external>", line 728, in exec_module
  File "<frozen importlib._bootstrap>", line 219, in _call_with_frames_removed
  File "passenger_wsgi.py", line 8, in <module>
    wsgi = imp.load_source('wsgi', 'passenger_wsgi.py')
  File "/home/realpyth/virtualenv/udemy/3.7/lib64/python3.7/imp.py", line 169, in load_source
    module = _exec(spec, sys.modules[name])
  File "<frozen importlib._bootstrap>", line 630, in _exec
  File "<frozen importlib._bootstrap_external>", line 728, in exec_module
  File "<frozen importlib._bootstrap>", line 219, in _call_with_frames_removed
  File "passenger_wsgi.py", line 8, in <module>
    wsgi = imp.load_source('wsgi', 'passenger_wsgi.py')
  File "/home/realpyth/virtualenv/udemy/3.7/lib64/python3.7/imp.py", line 169, in load_source
    module = _exec(spec, sys.modules[name])
  File "<frozen importlib._bootstrap>", line 630, in _exec
  File "<frozen importlib._bootstrap_external>", line 728, in exec_module
  File "<frozen importlib._bootstrap>", line 219, in _call_with_frames_removed
  File "passenger_wsgi.py", line 8, in <module>
    wsgi = imp.load_source('wsgi', 'passenger_wsgi.py')
  File "/home/realpyth/virtualenv/udemy/3.7/lib64/python3.7/imp.py", line 169, in load_source
    module = _exec(spec, sys.modules[name])
  File "<frozen importlib._bootstrap>", line 630, in _exec
  File "<frozen importlib._bootstrap_external>", line 728, in exec_module
  File "<frozen importlib._bootstrap>", line 219, in _call_with_frames_removed
  File "passenger_wsgi.py", line 8, in <module>
    wsgi = imp.load_source('wsgi', 'passenger_wsgi.py')
  File "/home/realpyth/virtualenv/udemy/3.7/lib64/python3.7/imp.py", line 169, in load_source
    module = _exec(spec, sys.modules[name])
  File "<frozen importlib._bootstrap>", line 630, in _exec
  File "<frozen importlib._bootstrap_external>", line 728, in exec_module
  File "<frozen importlib._bootstrap>", line 219, in _call_with_frames_removed
  File "passenger_wsgi.py", line 8, in <module>
    wsgi = imp.load_source('wsgi', 'passenger_wsgi.py')
  File "/home/realpyth/virtualenv/udemy/3.7/lib64/python3.7/imp.py", line 169, in load_source
    module = _exec(spec, sys.modules[name])
  File "<frozen importlib._bootstrap>", line 630, in _exec
  File "<frozen importlib._bootstrap_external>", line 728, in exec_module
  File "<frozen importlib._bootstrap>", line 219, in _call_with_frames_removed
  File "passenger_wsgi.py", line 8, in <module>
    wsgi = imp.load_source('wsgi', 'passenger_wsgi.py')
  File "/home/realpyth/virtualenv/udemy/3.7/lib64/python3.7/imp.py", line 169, in load_source
    module = _exec(spec, sys.modules[name])
  File "<frozen importlib._bootstrap>", line 630, in _exec
  File "<frozen importlib._bootstrap_external>", line 728, in exec_module
  File "<frozen importlib._bootstrap>", line 219, in _call_with_frames_removed
  File "passenger_wsgi.py", line 8, in <module>
    wsgi = imp.load_source('wsgi', 'passenger_wsgi.py')
  File "/home/realpyth/virtualenv/udemy/3.7/lib64/python3.7/imp.py", line 169, in load_source
    module = _exec(spec, sys.modules[name])
  File "<frozen importlib._bootstrap>", line 630, in _exec
  File "<frozen importlib._bootstrap_external>", line 728, in exec_module
  File "<frozen importlib._bootstrap>", line 219, in _call_with_frames_removed
  File "passenger_wsgi.py", line 8, in <module>
    wsgi = imp.load_source('wsgi', 'passenger_wsgi.py')
  File "/home/realpyth/virtualenv/udemy/3.7/lib64/python3.7/imp.py", line 169, in load_source
    module = _exec(spec, sys.modules[name])
  File "<frozen importlib._bootstrap>", line 630, in _exec
  File "<frozen importlib._bootstrap_external>", line 728, in exec_module
  File "<frozen importlib._bootstrap>", line 219, in _call_with_frames_removed
  File "passenger_wsgi.py", line 8, in <module>
    wsgi = imp.load_source('wsgi', 'passenger_wsgi.py')
  File "/home/realpyth/virtualenv/udemy/3.7/lib64/python3.7/imp.py", line 169, in load_source
    module = _exec(spec, sys.modules[name])
  File "<frozen importlib._bootstrap>", line 630, in _exec
  File "<frozen importlib._bootstrap_external>", line 728, in exec_module
  File "<frozen importlib._bootstrap>", line 219, in _call_with_frames_removed
  File "passenger_wsgi.py", line 8, in <module>
    wsgi = imp.load_source('wsgi', 'passenger_wsgi.py')
  File "/home/realpyth/virtualenv/udemy/3.7/lib64/python3.7/imp.py", line 169, in load_source
    module = _exec(spec, sys.modules[name])
  File "<frozen importlib._bootstrap>", line 630, in _exec
  File "<frozen importlib._bootstrap_external>", line 728, in exec_module
  File "<frozen importlib._bootstrap>", line 219, in _call_with_frames_removed
  File "passenger_wsgi.py", line 8, in <module>
    wsgi = imp.load_source('wsgi', 'passenger_wsgi.py')
  File "/home/realpyth/virtualenv/udemy/3.7/lib64/python3.7/imp.py", line 169, in load_source
    module = _exec(spec, sys.modules[name])
  File "<frozen importlib._bootstrap>", line 630, in _exec
  File "<frozen importlib._bootstrap_external>", line 728, in exec_module
  File "<frozen importlib._bootstrap>", line 219, in _call_with_frames_removed
  File "passenger_wsgi.py", line 8, in <module>
    wsgi = imp.load_source('wsgi', 'passenger_wsgi.py')
  File "/home/realpyth/virtualenv/udemy/3.7/lib64/python3.7/imp.py", line 169, in load_source
    module = _exec(spec, sys.modules[name])
  File "<frozen importlib._bootstrap>", line 630, in _exec
  File "<frozen importlib._bootstrap_external>", line 728, in exec_module
  File "<frozen importlib._bootstrap>", line 219, in _call_with_frames_removed
  File "passenger_wsgi.py", line 8, in <module>
    wsgi = imp.load_source('wsgi', 'passenger_wsgi.py')
  File "/home/realpyth/virtualenv/udemy/3.7/lib64/python3.7/imp.py", line 169, in load_source
    module = _exec(spec, sys.modules[name])
  File "<frozen importlib._bootstrap>", line 630, in _exec
  File "<frozen importlib._bootstrap_external>", line 728, in exec_module
  File "<frozen importlib._bootstrap>", line 219, in _call_with_frames_removed
  File "passenger_wsgi.py", line 8, in <module>
    wsgi = imp.load_source('wsgi', 'passenger_wsgi.py')
  File "/home/realpyth/virtualenv/udemy/3.7/lib64/python3.7/imp.py", line 169, in load_source
    module = _exec(spec, sys.modules[name])
  File "<frozen importlib._bootstrap>", line 630, in _exec
  File "<frozen importlib._bootstrap_external>", line 728, in exec_module
  File "<frozen importlib._bootstrap>", line 219, in _call_with_frames_removed
  File "passenger_wsgi.py", line 8, in <module>
    wsgi = imp.load_source('wsgi', 'passenger_wsgi.py')
  File "/home/realpyth/virtualenv/udemy/3.7/lib64/python3.7/imp.py", line 169, in load_source
    module = _exec(spec, sys.modules[name])
  File "<frozen importlib._bootstrap>", line 630, in _exec
  File "<frozen importlib._bootstrap_external>", line 728, in exec_module
  File "<frozen importlib._bootstrap>", line 219, in _call_with_frames_removed
  File "passenger_wsgi.py", line 8, in <module>
    wsgi = imp.load_source('wsgi', 'passenger_wsgi.py')
  File "/home/realpyth/virtualenv/udemy/3.7/lib64/python3.7/imp.py", line 169, in load_source
    module = _exec(spec, sys.modules[name])
  File "<frozen importlib._bootstrap>", line 630, in _exec
  File "<frozen importlib._bootstrap_external>", line 728, in exec_module
  File "<frozen importlib._bootstrap>", line 219, in _call_with_frames_removed
  File "passenger_wsgi.py", line 8, in <module>
    wsgi = imp.load_source('wsgi', 'passenger_wsgi.py')
  File "/home/realpyth/virtualenv/udemy/3.7/lib64/python3.7/imp.py", line 169, in load_source
    module = _exec(spec, sys.modules[name])
  File "<frozen importlib._bootstrap>", line 630, in _exec
  File "<frozen importlib._bootstrap_external>", line 728, in exec_module
  File "<frozen importlib._bootstrap>", line 219, in _call_with_frames_removed
  File "passenger_wsgi.py", line 8, in <module>
    wsgi = imp.load_source('wsgi', 'passenger_wsgi.py')
  File "/home/realpyth/virtualenv/udemy/3.7/lib64/python3.7/imp.py", line 169, in load_source
    module = _exec(spec, sys.modules[name])
  File "<frozen importlib._bootstrap>", line 630, in _exec
  File "<frozen importlib._bootstrap_external>", line 728, in exec_module
  File "<frozen importlib._bootstrap>", line 219, in _call_with_frames_removed
  File "passenger_wsgi.py", line 8, in <module>
    wsgi = imp.load_source('wsgi', 'passenger_wsgi.py')
  File "/home/realpyth/virtualenv/udemy/3.7/lib64/python3.7/imp.py", line 169, in load_source
    module = _exec(spec, sys.modules[name])
  File "<frozen importlib._bootstrap>", line 630, in _exec
  File "<frozen importlib._bootstrap_external>", line 728, in exec_module
  File "<frozen importlib._bootstrap>", line 219, in _call_with_frames_removed
  File "passenger_wsgi.py", line 8, in <module>
    wsgi = imp.load_source('wsgi', 'passenger_wsgi.py')
  File "/home/realpyth/virtualenv/udemy/3.7/lib64/python3.7/imp.py", line 169, in load_source
    module = _exec(spec, sys.modules[name])
  File "<frozen importlib._bootstrap>", line 630, in _exec
  File "<frozen importlib._bootstrap_external>", line 728, in exec_module
  File "<frozen importlib._bootstrap>", line 219, in _call_with_frames_removed
  File "passenger_wsgi.py", line 8, in <module>
    wsgi = imp.load_source('wsgi', 'passenger_wsgi.py')
  File "/home/realpyth/virtualenv/udemy/3.7/lib64/python3.7/imp.py", line 169, in load_source
    module = _exec(spec, sys.modules[name])
  File "<frozen importlib._bootstrap>", line 630, in _exec
  File "<frozen importlib._bootstrap_external>", line 728, in exec_module
  File "<frozen importlib._bootstrap>", line 219, in _call_with_frames_removed
  File "passenger_wsgi.py", line 8, in <module>
    wsgi = imp.load_source('wsgi', 'passenger_wsgi.py')
  File "/home/realpyth/virtualenv/udemy/3.7/lib64/python3.7/imp.py", line 169, in load_source
    module = _exec(spec, sys.modules[name])
  File "<frozen importlib._bootstrap>", line 630, in _exec
  File "<frozen importlib._bootstrap_external>", line 728, in exec_module
  File "<frozen importlib._bootstrap>", line 219, in _call_with_frames_removed
  File "passenger_wsgi.py", line 8, in <module>
    wsgi = imp.load_source('wsgi', 'passenger_wsgi.py')
  File "/home/realpyth/virtualenv/udemy/3.7/lib64/python3.7/imp.py", line 169, in load_source
    module = _exec(spec, sys.modules[name])
  File "<frozen importlib._bootstrap>", line 630, in _exec
  File "<frozen importlib._bootstrap_external>", line 728, in exec_module
  File "<frozen importlib._bootstrap>", line 219, in _call_with_frames_removed
  File "passenger_wsgi.py", line 8, in <module>
    wsgi = imp.load_source('wsgi', 'passenger_wsgi.py')
  File "/home/realpyth/virtualenv/udemy/3.7/lib64/python3.7/imp.py", line 169, in load_source
    module = _exec(spec, sys.modules[name])
  File "<frozen importlib._bootstrap>", line 630, in _exec
  File "<frozen importlib._bootstrap_external>", line 728, in exec_module
  File "<frozen importlib._bootstrap>", line 219, in _call_with_frames_removed
  File "passenger_wsgi.py", line 8, in <module>
    wsgi = imp.load_source('wsgi', 'passenger_wsgi.py')
  File "/home/realpyth/virtualenv/udemy/3.7/lib64/python3.7/imp.py", line 169, in load_source
    module = _exec(spec, sys.modules[name])
  File "<frozen importlib._bootstrap>", line 630, in _exec
  File "<frozen importlib._bootstrap_external>", line 728, in exec_module
  File "<frozen importlib._bootstrap>", line 219, in _call_with_frames_removed
  File "passenger_wsgi.py", line 8, in <module>
    wsgi = imp.load_source('wsgi', 'passenger_wsgi.py')
  File "/home/realpyth/virtualenv/udemy/3.7/lib64/python3.7/imp.py", line 169, in load_source
    module = _exec(spec, sys.modules[name])
  File "<frozen importlib._bootstrap>", line 630, in _exec
  File "<frozen importlib._bootstrap_external>", line 728, in exec_module
  File "<frozen importlib._bootstrap>", line 219, in _call_with_frames_removed
  File "passenger_wsgi.py", line 8, in <module>
    wsgi = imp.load_source('wsgi', 'passenger_wsgi.py')
  File "/home/realpyth/virtualenv/udemy/3.7/lib64/python3.7/imp.py", line 169, in load_source
    module = _exec(spec, sys.modules[name])
  File "<frozen importlib._bootstrap>", line 630, in _exec
  File "<frozen importlib._bootstrap_external>", line 728, in exec_module
  File "<frozen importlib._bootstrap>", line 219, in _call_with_frames_removed
  File "passenger_wsgi.py", line 8, in <module>
    wsgi = imp.load_source('wsgi', 'passenger_wsgi.py')
  File "/home/realpyth/virtualenv/udemy/3.7/lib64/python3.7/imp.py", line 169, in load_source
    module = _exec(spec, sys.modules[name])
  File "<frozen importlib._bootstrap>", line 630, in _exec
  File "<frozen importlib._bootstrap_external>", line 728, in exec_module
  File "<frozen importlib._bootstrap>", line 219, in _call_with_frames_removed
  File "passenger_wsgi.py", line 8, in <module>
    wsgi = imp.load_source('wsgi', 'passenger_wsgi.py')
  File "/home/realpyth/virtualenv/udemy/3.7/lib64/python3.7/imp.py", line 169, in load_source
    module = _exec(spec, sys.modules[name])
  File "<frozen importlib._bootstrap>", line 630, in _exec
  File "<frozen importlib._bootstrap_external>", line 728, in exec_module
  File "<frozen importlib._bootstrap>", line 219, in _call_with_frames_removed
  File "passenger_wsgi.py", line 8, in <module>
    wsgi = imp.load_source('wsgi', 'passenger_wsgi.py')
  File "/home/realpyth/virtualenv/udemy/3.7/lib64/python3.7/imp.py", line 169, in load_source
    module = _exec(spec, sys.modules[name])
  File "<frozen importlib._bootstrap>", line 630, in _exec
  File "<frozen importlib._bootstrap_external>", line 728, in exec_module
  File "<frozen importlib._bootstrap>", line 219, in _call_with_frames_removed
  File "passenger_wsgi.py", line 8, in <module>
    wsgi = imp.load_source('wsgi', 'passenger_wsgi.py')
  File "/home/realpyth/virtualenv/udemy/3.7/lib64/python3.7/imp.py", line 169, in load_source
    module = _exec(spec, sys.modules[name])
  File "<frozen importlib._bootstrap>", line 630, in _exec
  File "<frozen importlib._bootstrap_external>", line 728, in exec_module
  File "<frozen importlib._bootstrap>", line 219, in _call_with_frames_removed
  File "passenger_wsgi.py", line 8, in <module>
    wsgi = imp.load_source('wsgi', 'passenger_wsgi.py')
  File "/home/realpyth/virtualenv/udemy/3.7/lib64/python3.7/imp.py", line 169, in load_source
    module = _exec(spec, sys.modules[name])
  File "<frozen importlib._bootstrap>", line 630, in _exec
  File "<frozen importlib._bootstrap_external>", line 728, in exec_module
  File "<frozen importlib._bootstrap>", line 219, in _call_with_frames_removed
  File "passenger_wsgi.py", line 8, in <module>
    wsgi = imp.load_source('wsgi', 'passenger_wsgi.py')
  File "/home/realpyth/virtualenv/udemy/3.7/lib64/python3.7/imp.py", line 169, in load_source
    module = _exec(spec, sys.modules[name])
  File "<frozen importlib._bootstrap>", line 630, in _exec
  File "<frozen importlib._bootstrap_external>", line 728, in exec_module
  File "<frozen importlib._bootstrap>", line 219, in _call_with_frames_removed
  File "passenger_wsgi.py", line 8, in <module>
    wsgi = imp.load_source('wsgi', 'passenger_wsgi.py')
  File "/home/realpyth/virtualenv/udemy/3.7/lib64/python3.7/imp.py", line 169, in load_source
    module = _exec(spec, sys.modules[name])
  File "<frozen importlib._bootstrap>", line 630, in _exec
  File "<frozen importlib._bootstrap_external>", line 728, in exec_module
  File "<frozen importlib._bootstrap>", line 219, in _call_with_frames_removed
  File "passenger_wsgi.py", line 8, in <module>
    wsgi = imp.load_source('wsgi', 'passenger_wsgi.py')
  File "/home/realpyth/virtualenv/udemy/3.7/lib64/python3.7/imp.py", line 169, in load_source
    module = _exec(spec, sys.modules[name])
  File "<frozen importlib._bootstrap>", line 630, in _exec
  File "<frozen importlib._bootstrap_external>", line 728, in exec_module
  File "<frozen importlib._bootstrap>", line 219, in _call_with_frames_removed
  File "passenger_wsgi.py", line 8, in <module>
    wsgi = imp.load_source('wsgi', 'passenger_wsgi.py')
  File "/home/realpyth/virtualenv/udemy/3.7/lib64/python3.7/imp.py", line 169, in load_source
    module = _exec(spec, sys.modules[name])
  File "<frozen importlib._bootstrap>", line 630, in _exec
  File "<frozen importlib._bootstrap_external>", line 728, in exec_module
  File "<frozen importlib._bootstrap>", line 219, in _call_with_frames_removed
  File "passenger_wsgi.py", line 8, in <module>
    wsgi = imp.load_source('wsgi', 'passenger_wsgi.py')
  File "/home/realpyth/virtualenv/udemy/3.7/lib64/python3.7/imp.py", line 169, in load_source
    module = _exec(spec, sys.modules[name])
  File "<frozen importlib._bootstrap>", line 630, in _exec
  File "<frozen importlib._bootstrap_external>", line 728, in exec_module
  File "<frozen importlib._bootstrap>", line 219, in _call_with_frames_removed
  File "passenger_wsgi.py", line 8, in <module>
    wsgi = imp.load_source('wsgi', 'passenger_wsgi.py')
  File "/home/realpyth/virtualenv/udemy/3.7/lib64/python3.7/imp.py", line 169, in load_source
    module = _exec(spec, sys.modules[name])
  File "<frozen importlib._bootstrap>", line 630, in _exec
  File "<frozen importlib._bootstrap_external>", line 728, in exec_module
  File "<frozen importlib._bootstrap>", line 219, in _call_with_frames_removed
  File "passenger_wsgi.py", line 8, in <module>
    wsgi = imp.load_source('wsgi', 'passenger_wsgi.py')
  File "/home/realpyth/virtualenv/udemy/3.7/lib64/python3.7/imp.py", line 169, in load_source
    module = _exec(spec, sys.modules[name])
  File "<frozen importlib._bootstrap>", line 630, in _exec
  File "<frozen importlib._bootstrap_external>", line 728, in exec_module
  File "<frozen importlib._bootstrap>", line 219, in _call_with_frames_removed
  File "passenger_wsgi.py", line 8, in <module>
    wsgi = imp.load_source('wsgi', 'passenger_wsgi.py')
  File "/home/realpyth/virtualenv/udemy/3.7/lib64/python3.7/imp.py", line 169, in load_source
    module = _exec(spec, sys.modules[name])
  File "<frozen importlib._bootstrap>", line 630, in _exec
  File "<frozen importlib._bootstrap_external>", line 728, in exec_module
  File "<frozen importlib._bootstrap>", line 219, in _call_with_frames_removed
  File "passenger_wsgi.py", line 8, in <module>
    wsgi = imp.load_source('wsgi', 'passenger_wsgi.py')
  File "/home/realpyth/virtualenv/udemy/3.7/lib64/python3.7/imp.py", line 169, in load_source
    module = _exec(spec, sys.modules[name])
  File "<frozen importlib._bootstrap>", line 630, in _exec
  File "<frozen importlib._bootstrap_external>", line 728, in exec_module
  File "<frozen importlib._bootstrap>", line 219, in _call_with_frames_removed
  File "passenger_wsgi.py", line 8, in <module>
    wsgi = imp.load_source('wsgi', 'passenger_wsgi.py')
  File "/home/realpyth/virtualenv/udemy/3.7/lib64/python3.7/imp.py", line 169, in load_source
    module = _exec(spec, sys.modules[name])
  File "<frozen importlib._bootstrap>", line 630, in _exec
  File "<frozen importlib._bootstrap_external>", line 728, in exec_module
  File "<frozen importlib._bootstrap>", line 219, in _call_with_frames_removed
  File "passenger_wsgi.py", line 8, in <module>
    wsgi = imp.load_source('wsgi', 'passenger_wsgi.py')
  File "/home/realpyth/virtualenv/udemy/3.7/lib64/python3.7/imp.py", line 169, in load_source
    module = _exec(spec, sys.modules[name])
  File "<frozen importlib._bootstrap>", line 630, in _exec
  File "<frozen importlib._bootstrap_external>", line 728, in exec_module
  File "<frozen importlib._bootstrap>", line 219, in _call_with_frames_removed
  File "passenger_wsgi.py", line 8, in <module>
    wsgi = imp.load_source('wsgi', 'passenger_wsgi.py')
  File "/home/realpyth/virtualenv/udemy/3.7/lib64/python3.7/imp.py", line 169, in load_source
    module = _exec(spec, sys.modules[name])
  File "<frozen importlib._bootstrap>", line 630, in _exec
  File "<frozen importlib._bootstrap_external>", line 728, in exec_module
  File "<frozen importlib._bootstrap>", line 219, in _call_with_frames_removed
  File "passenger_wsgi.py", line 8, in <module>
    wsgi = imp.load_source('wsgi', 'passenger_wsgi.py')
  File "/home/realpyth/virtualenv/udemy/3.7/lib64/python3.7/imp.py", line 169, in load_source
    module = _exec(spec, sys.modules[name])
  File "<frozen importlib._bootstrap>", line 630, in _exec
  File "<frozen importlib._bootstrap_external>", line 728, in exec_module
  File "<frozen importlib._bootstrap>", line 219, in _call_with_frames_removed
  File "passenger_wsgi.py", line 8, in <module>
    wsgi = imp.load_source('wsgi', 'passenger_wsgi.py')
  File "/home/realpyth/virtualenv/udemy/3.7/lib64/python3.7/imp.py", line 169, in load_source
    module = _exec(spec, sys.modules[name])
  File "<frozen importlib._bootstrap>", line 630, in _exec
  File "<frozen importlib._bootstrap_external>", line 728, in exec_module
  File "<frozen importlib._bootstrap>", line 219, in _call_with_frames_removed
  File "passenger_wsgi.py", line 8, in <module>
    wsgi = imp.load_source('wsgi', 'passenger_wsgi.py')2020-01-31 14:52:23.931339 [3416543] Child process with pid: 3416548 was killed by signal: 15, core dump: 0
  File "passenger_wsgi.py", line 8, in <module>
    wsgi = imp.load_source('wsgi', 'passenger_wsgi.py')
  File "/home/realpyth/virtualenv/udemy/3.7/lib64/python3.7/imp.py", line 169, in load_source
    module = _exec(spec, sys.modules[name])
  File "<frozen importlib._bootstrap>", line 630, in _exec
  File "<frozen importlib._bootstrap_external>", line 728, in exec_module
  File "<frozen importlib._bootstrap>", line 219, in _call_with_frames_removed
  File "passenger_wsgi.py", line 8, in <module>
    wsgi = imp.load_source('wsgi', 'passenger_wsgi.py')
  File "/home/realpyth/virtualenv/udemy/3.7/lib64/python3.7/imp.py", line 169, in load_source
    module = _exec(spec, sys.modules[name])
  File "<frozen importlib._bootstrap>", line 630, in _exec
  File "<frozen importlib._bootstrap_external>", line 728, in exec_module
  File "<frozen importlib._bootstrap>", line 219, in _call_with_frames_removed
  File "passenger_wsgi.py", line 8, in <module>
    wsgi = imp.load_source('wsgi', 'passenger_wsgi.py')
  File "/home/realpyth/virtualenv/udemy/3.7/lib64/python3.7/imp.py", line 169, in load_source
    module = _exec(spec, sys.modules[name])
  File "<frozen importlib._bootstrap>", line 623, in _exec
  File "<frozen importlib._bootstrap>", line 568, in _init_module_attrs
  File "<frozen importlib._bootstrap>", line 409, in cached
  File "<frozen importlib._bootstrap_external>", line 372, in _get_cached
  File "<frozen importlib._bootstrap_external>", line 313, in cache_from_source
  File "<frozen importlib._bootstrap_external>", line 59, in _path_join
  File "<frozen importlib._bootstrap_external>", line 59, in <listcomp>
RecursionError: maximum recursion depth exceeded while calling a Python object
2020-01-31 14:53:42.963877 [3417422] Child process with pid: 3417424 was killed by signal: 15, core dump: 0
Traceback (most recent call last):
  File "/home/realpyth/udemy/passenger_wsgi.py", line 10, in <module>
    from udemyclone.wsgi import application
  File "/home/realpyth/udemy/udemyclone/wsgi.py", line 5, in <module>
    from django.core.wsgi import get_wsgi_application
ModuleNotFoundError: No module named 'django'
2020-01-31 14:54:45.521223 [3418274] Child process with pid: 3418276 was killed by signal: 15, core dump: 0
Traceback (most recent call last):
  File "/home/realpyth/udemy/passenger_wsgi.py", line 10, in <module>
    from udemyclone.wsgi import application
  File "/home/realpyth/udemy/udemyclone/wsgi.py", line 5, in <module>
    from django.core.wsgi import get_wsgi_application
ModuleNotFoundError: No module named 'django'
Internal Server Error: /
Traceback (most recent call last):
  File "/home/realpyth/virtualenv/udemy/3.7/lib/python3.7/site-packages/mysql/connector/connection_cext.py", line 489, in cmd_query
    raw_as_string=raw_as_string)
_mysql_connector.MySQLInterfaceError: Unknown column 'courses_course.created_at' in 'field list'

During handling of the above exception, another exception occurred:

Traceback (most recent call last):
  File "/home/realpyth/virtualenv/udemy/3.7/lib/python3.7/site-packages/mysql/connector/django/base.py", line 168, in _execute_wrapper
    return method(query, args)
  File "/home/realpyth/virtualenv/udemy/3.7/lib/python3.7/site-packages/mysql/connector/cursor_cext.py", line 266, in execute
    raw_as_string=self._raw_as_string)
  File "/home/realpyth/virtualenv/udemy/3.7/lib/python3.7/site-packages/mysql/connector/connection_cext.py", line 492, in cmd_query
    sqlstate=exc.sqlstate)
mysql.connector.errors.ProgrammingError: 1054 (42S22): Unknown column 'courses_course.created_at' in 'field list'

During handling of the above exception, another exception occurred:

Traceback (most recent call last):
  File "/home/realpyth/virtualenv/udemy/3.7/lib/python3.7/site-packages/django/db/backends/utils.py", line 99, in execute
    return super().execute(sql, params)
  File "/home/realpyth/virtualenv/udemy/3.7/lib/python3.7/site-packages/django/db/backends/utils.py", line 67, in execute
    return self._execute_with_wrappers(sql, params, many=False, executor=self._execute)
  File "/home/realpyth/virtualenv/udemy/3.7/lib/python3.7/site-packages/django/db/backends/utils.py", line 76, in _execute_with_wrappers
    return executor(sql, params, many, context)
  File "/home/realpyth/virtualenv/udemy/3.7/lib/python3.7/site-packages/django/db/backends/utils.py", line 84, in _execute
    return self.cursor.execute(sql, params)
  File "/home/realpyth/virtualenv/udemy/3.7/lib/python3.7/site-packages/mysql/connector/django/base.py", line 218, in execute
    return self._execute_wrapper(self.cursor.execute, query, new_args)
  File "/home/realpyth/virtualenv/udemy/3.7/lib/python3.7/site-packages/mysql/connector/django/base.py", line 171, in _execute_wrapper
    utils.ProgrammingError(err.msg), sys.exc_info()[2])
  File "/home/realpyth/virtualenv/udemy/3.7/lib/python3.7/site-packages/django/utils/six.py", line 683, in reraise
    raise value.with_traceback(tb)
  File "/home/realpyth/virtualenv/udemy/3.7/lib/python3.7/site-packages/mysql/connector/django/base.py", line 168, in _execute_wrapper
    return method(query, args)
  File "/home/realpyth/virtualenv/udemy/3.7/lib/python3.7/site-packages/mysql/connector/cursor_cext.py", line 266, in execute
    raw_as_string=self._raw_as_string)
  File "/home/realpyth/virtualenv/udemy/3.7/lib/python3.7/site-packages/mysql/connector/connection_cext.py", line 492, in cmd_query
    sqlstate=exc.sqlstate)
django.db.utils.ProgrammingError: Unknown column 'courses_course.created_at' in 'field list'

During handling of the above exception, another exception occurred:

Traceback (most recent call last):
  File "/home/realpyth/virtualenv/udemy/3.7/lib/python3.7/site-packages/mysql/connector/cursor_cext.py", line 606, in statement
    return self._executed.strip().decode('utf8')
AttributeError: 'NoneType' object has no attribute 'strip'

During handling of the above exception, another exception occurred:

Traceback (most recent call last):
  File "/home/realpyth/virtualenv/udemy/3.7/lib/python3.7/site-packages/django/core/handlers/exception.py", line 34, in inner
    response = get_response(request)
  File "/home/realpyth/virtualenv/udemy/3.7/lib/python3.7/site-packages/django/core/handlers/base.py", line 145, in _get_response
    response = self.process_exception_by_middleware(e, request)
  File "/home/realpyth/virtualenv/udemy/3.7/lib/python3.7/site-packages/django/core/handlers/base.py", line 143, in _get_response
    response = response.render()
  File "/home/realpyth/virtualenv/udemy/3.7/lib/python3.7/site-packages/django/template/response.py", line 106, in render
    self.content = self.rendered_content
  File "/home/realpyth/virtualenv/udemy/3.7/lib/python3.7/site-packages/django/template/response.py", line 83, in rendered_content
    content = template.render(context, self._request)
  File "/home/realpyth/virtualenv/udemy/3.7/lib/python3.7/site-packages/django/template/backends/django.py", line 61, in render
    return self.template.render(context)
  File "/home/realpyth/virtualenv/udemy/3.7/lib/python3.7/site-packages/django/template/base.py", line 171, in render
    return self._render(context)
  File "/home/realpyth/virtualenv/udemy/3.7/lib/python3.7/site-packages/django/template/base.py", line 163, in _render
    return self.nodelist.render(context)
  File "/home/realpyth/virtualenv/udemy/3.7/lib/python3.7/site-packages/django/template/base.py", line 937, in render
    bit = node.render_annotated(context)
  File "/home/realpyth/virtualenv/udemy/3.7/lib/python3.7/site-packages/django/template/base.py", line 904, in render_annotated
    return self.render(context)
  File "/home/realpyth/virtualenv/udemy/3.7/lib/python3.7/site-packages/django/template/loader_tags.py", line 150, in render
    return compiled_parent._render(context)
  File "/home/realpyth/virtualenv/udemy/3.7/lib/python3.7/site-packages/django/template/base.py", line 163, in _render
    return self.nodelist.render(context)
  File "/home/realpyth/virtualenv/udemy/3.7/lib/python3.7/site-packages/django/template/base.py", line 937, in render
    bit = node.render_annotated(context)
  File "/home/realpyth/virtualenv/udemy/3.7/lib/python3.7/site-packages/django/template/base.py", line 904, in render_annotated
    return self.render(context)
  File "/home/realpyth/virtualenv/udemy/3.7/lib/python3.7/site-packages/django/template/loader_tags.py", line 62, in render
    result = block.nodelist.render(context)
  File "/home/realpyth/virtualenv/udemy/3.7/lib/python3.7/site-packages/django/template/base.py", line 937, in render
    bit = node.render_annotated(context)
  File "/home/realpyth/virtualenv/udemy/3.7/lib/python3.7/site-packages/django/template/base.py", line 904, in render_annotated
    return self.render(context)
  File "/home/realpyth/virtualenv/udemy/3.7/lib/python3.7/site-packages/django/template/defaulttags.py", line 166, in render
    len_values = len(values)
  File "/home/realpyth/virtualenv/udemy/3.7/lib/python3.7/site-packages/django/db/models/query.py", line 256, in __len__
    self._fetch_all()
  File "/home/realpyth/virtualenv/udemy/3.7/lib/python3.7/site-packages/django/db/models/query.py", line 1242, in _fetch_all
    self._result_cache = list(self._iterable_class(self))
  File "/home/realpyth/virtualenv/udemy/3.7/lib/python3.7/site-packages/django/db/models/query.py", line 55, in __iter__
    results = compiler.execute_sql(chunked_fetch=self.chunked_fetch, chunk_size=self.chunk_size)
  File "/home/realpyth/virtualenv/udemy/3.7/lib/python3.7/site-packages/django/db/models/sql/compiler.py", line 1097, in execute_sql
    cursor.execute(sql, params)
  File "/home/realpyth/virtualenv/udemy/3.7/lib/python3.7/site-packages/django/db/backends/utils.py", line 103, in execute
    sql = self.db.ops.last_executed_query(self.cursor, sql, params)
  File "/home/realpyth/virtualenv/udemy/3.7/lib/python3.7/site-packages/mysql/connector/django/operations.py", line 127, in last_executed_query
    return force_text(cursor.statement, errors='replace')
  File "/home/realpyth/virtualenv/udemy/3.7/lib/python3.7/site-packages/mysql/connector/django/base.py", line 230, in __getattr__
    return getattr(self.cursor, attr)
  File "/home/realpyth/virtualenv/udemy/3.7/lib/python3.7/site-packages/mysql/connector/cursor_cext.py", line 608, in statement
    return self._executed.strip()
AttributeError: 'NoneType' object has no attribute 'strip'
Internal Server Error: /
Traceback (most recent call last):
  File "/home/realpyth/virtualenv/udemy/3.7/lib/python3.7/site-packages/mysql/connector/connection_cext.py", line 489, in cmd_query
    raw_as_string=raw_as_string)
_mysql_connector.MySQLInterfaceError: Unknown column 'courses_course.created_at' in 'field list'

During handling of the above exception, another exception occurred:

Traceback (most recent call last):
  File "/home/realpyth/virtualenv/udemy/3.7/lib/python3.7/site-packages/mysql/connector/django/base.py", line 168, in _execute_wrapper
    return method(query, args)
  File "/home/realpyth/virtualenv/udemy/3.7/lib/python3.7/site-packages/mysql/connector/cursor_cext.py", line 266, in execute
    raw_as_string=self._raw_as_string)
  File "/home/realpyth/virtualenv/udemy/3.7/lib/python3.7/site-packages/mysql/connector/connection_cext.py", line 492, in cmd_query
    sqlstate=exc.sqlstate)
mysql.connector.errors.ProgrammingError: 1054 (42S22): Unknown column 'courses_course.created_at' in 'field list'

During handling of the above exception, another exception occurred:

Traceback (most recent call last):
  File "/home/realpyth/virtualenv/udemy/3.7/lib/python3.7/site-packages/django/db/backends/utils.py", line 99, in execute
    return super().execute(sql, params)
  File "/home/realpyth/virtualenv/udemy/3.7/lib/python3.7/site-packages/django/db/backends/utils.py", line 67, in execute
    return self._execute_with_wrappers(sql, params, many=False, executor=self._execute)
  File "/home/realpyth/virtualenv/udemy/3.7/lib/python3.7/site-packages/django/db/backends/utils.py", line 76, in _execute_with_wrappers
    return executor(sql, params, many, context)
  File "/home/realpyth/virtualenv/udemy/3.7/lib/python3.7/site-packages/django/db/backends/utils.py", line 84, in _execute
    return self.cursor.execute(sql, params)
  File "/home/realpyth/virtualenv/udemy/3.7/lib/python3.7/site-packages/mysql/connector/django/base.py", line 218, in execute
    return self._execute_wrapper(self.cursor.execute, query, new_args)
  File "/home/realpyth/virtualenv/udemy/3.7/lib/python3.7/site-packages/mysql/connector/django/base.py", line 171, in _execute_wrapper
    utils.ProgrammingError(err.msg), sys.exc_info()[2])
  File "/home/realpyth/virtualenv/udemy/3.7/lib/python3.7/site-packages/django/utils/six.py", line 683, in reraise
    raise value.with_traceback(tb)
  File "/home/realpyth/virtualenv/udemy/3.7/lib/python3.7/site-packages/mysql/connector/django/base.py", line 168, in _execute_wrapper
    return method(query, args)
  File "/home/realpyth/virtualenv/udemy/3.7/lib/python3.7/site-packages/mysql/connector/cursor_cext.py", line 266, in execute
    raw_as_string=self._raw_as_string)
  File "/home/realpyth/virtualenv/udemy/3.7/lib/python3.7/site-packages/mysql/connector/connection_cext.py", line 492, in cmd_query
    sqlstate=exc.sqlstate)
django.db.utils.ProgrammingError: Unknown column 'courses_course.created_at' in 'field list'

During handling of the above exception, another exception occurred:

Traceback (most recent call last):
  File "/home/realpyth/virtualenv/udemy/3.7/lib/python3.7/site-packages/mysql/connector/cursor_cext.py", line 606, in statement
    return self._executed.strip().decode('utf8')
AttributeError: 'NoneType' object has no attribute 'strip'

During handling of the above exception, another exception occurred:

Traceback (most recent call last):
  File "/home/realpyth/virtualenv/udemy/3.7/lib/python3.7/site-packages/django/core/handlers/exception.py", line 34, in inner
    response = get_response(request)
  File "/home/realpyth/virtualenv/udemy/3.7/lib/python3.7/site-packages/django/core/handlers/base.py", line 145, in _get_response
    response = self.process_exception_by_middleware(e, request)
  File "/home/realpyth/virtualenv/udemy/3.7/lib/python3.7/site-packages/django/core/handlers/base.py", line 143, in _get_response
    response = response.render()
  File "/home/realpyth/virtualenv/udemy/3.7/lib/python3.7/site-packages/django/template/response.py", line 106, in render
    self.content = self.rendered_content
  File "/home/realpyth/virtualenv/udemy/3.7/lib/python3.7/site-packages/django/template/response.py", line 83, in rendered_content
    content = template.render(context, self._request)
  File "/home/realpyth/virtualenv/udemy/3.7/lib/python3.7/site-packages/django/template/backends/django.py", line 61, in render
    return self.template.render(context)
  File "/home/realpyth/virtualenv/udemy/3.7/lib/python3.7/site-packages/django/template/base.py", line 171, in render
    return self._render(context)
  File "/home/realpyth/virtualenv/udemy/3.7/lib/python3.7/site-packages/django/template/base.py", line 163, in _render
    return self.nodelist.render(context)
  File "/home/realpyth/virtualenv/udemy/3.7/lib/python3.7/site-packages/django/template/base.py", line 937, in render
    bit = node.render_annotated(context)
  File "/home/realpyth/virtualenv/udemy/3.7/lib/python3.7/site-packages/django/template/base.py", line 904, in render_annotated
    return self.render(context)
  File "/home/realpyth/virtualenv/udemy/3.7/lib/python3.7/site-packages/django/template/loader_tags.py", line 150, in render
    return compiled_parent._render(context)
  File "/home/realpyth/virtualenv/udemy/3.7/lib/python3.7/site-packages/django/template/base.py", line 163, in _render
    return self.nodelist.render(context)
  File "/home/realpyth/virtualenv/udemy/3.7/lib/python3.7/site-packages/django/template/base.py", line 937, in render
    bit = node.render_annotated(context)
  File "/home/realpyth/virtualenv/udemy/3.7/lib/python3.7/site-packages/django/template/base.py", line 904, in render_annotated
    return self.render(context)
  File "/home/realpyth/virtualenv/udemy/3.7/lib/python3.7/site-packages/django/template/loader_tags.py", line 62, in render
    result = block.nodelist.render(context)
  File "/home/realpyth/virtualenv/udemy/3.7/lib/python3.7/site-packages/django/template/base.py", line 937, in render
    bit = node.render_annotated(context)
  File "/home/realpyth/virtualenv/udemy/3.7/lib/python3.7/site-packages/django/template/base.py", line 904, in render_annotated
    return self.render(context)
  File "/home/realpyth/virtualenv/udemy/3.7/lib/python3.7/site-packages/django/template/defaulttags.py", line 166, in render
    len_values = len(values)
  File "/home/realpyth/virtualenv/udemy/3.7/lib/python3.7/site-packages/django/db/models/query.py", line 256, in __len__
    self._fetch_all()
  File "/home/realpyth/virtualenv/udemy/3.7/lib/python3.7/site-packages/django/db/models/query.py", line 1242, in _fetch_all
    self._result_cache = list(self._iterable_class(self))
  File "/home/realpyth/virtualenv/udemy/3.7/lib/python3.7/site-packages/django/db/models/query.py", line 55, in __iter__
    results = compiler.execute_sql(chunked_fetch=self.chunked_fetch, chunk_size=self.chunk_size)
  File "/home/realpyth/virtualenv/udemy/3.7/lib/python3.7/site-packages/django/db/models/sql/compiler.py", line 1097, in execute_sql
    cursor.execute(sql, params)
  File "/home/realpyth/virtualenv/udemy/3.7/lib/python3.7/site-packages/django/db/backends/utils.py", line 103, in execute
    sql = self.db.ops.last_executed_query(self.cursor, sql, params)
  File "/home/realpyth/virtualenv/udemy/3.7/lib/python3.7/site-packages/mysql/connector/django/operations.py", line 127, in last_executed_query
    return force_text(cursor.statement, errors='replace')
  File "/home/realpyth/virtualenv/udemy/3.7/lib/python3.7/site-packages/mysql/connector/django/base.py", line 230, in __getattr__
    return getattr(self.cursor, attr)
  File "/home/realpyth/virtualenv/udemy/3.7/lib/python3.7/site-packages/mysql/connector/cursor_cext.py", line 608, in statement
    return self._executed.strip()
AttributeError: 'NoneType' object has no attribute 'strip'
Internal Server Error: /
Traceback (most recent call last):
  File "/home/realpyth/virtualenv/udemy/3.7/lib/python3.7/site-packages/mysql/connector/connection_cext.py", line 489, in cmd_query
    raw_as_string=raw_as_string)
_mysql_connector.MySQLInterfaceError: Unknown column 'courses_course.created_at' in 'field list'

During handling of the above exception, another exception occurred:

Traceback (most recent call last):
  File "/home/realpyth/virtualenv/udemy/3.7/lib/python3.7/site-packages/mysql/connector/django/base.py", line 168, in _execute_wrapper
    return method(query, args)
  File "/home/realpyth/virtualenv/udemy/3.7/lib/python3.7/site-packages/mysql/connector/cursor_cext.py", line 266, in execute
    raw_as_string=self._raw_as_string)
  File "/home/realpyth/virtualenv/udemy/3.7/lib/python3.7/site-packages/mysql/connector/connection_cext.py", line 492, in cmd_query
    sqlstate=exc.sqlstate)
mysql.connector.errors.ProgrammingError: 1054 (42S22): Unknown column 'courses_course.created_at' in 'field list'

During handling of the above exception, another exception occurred:

Traceback (most recent call last):
  File "/home/realpyth/virtualenv/udemy/3.7/lib/python3.7/site-packages/django/db/backends/utils.py", line 99, in execute
    return super().execute(sql, params)
  File "/home/realpyth/virtualenv/udemy/3.7/lib/python3.7/site-packages/django/db/backends/utils.py", line 67, in execute
    return self._execute_with_wrappers(sql, params, many=False, executor=self._execute)
  File "/home/realpyth/virtualenv/udemy/3.7/lib/python3.7/site-packages/django/db/backends/utils.py", line 76, in _execute_with_wrappers
    return executor(sql, params, many, context)
  File "/home/realpyth/virtualenv/udemy/3.7/lib/python3.7/site-packages/django/db/backends/utils.py", line 84, in _execute
    return self.cursor.execute(sql, params)
  File "/home/realpyth/virtualenv/udemy/3.7/lib/python3.7/site-packages/mysql/connector/django/base.py", line 218, in execute
    return self._execute_wrapper(self.cursor.execute, query, new_args)
  File "/home/realpyth/virtualenv/udemy/3.7/lib/python3.7/site-packages/mysql/connector/django/base.py", line 171, in _execute_wrapper
    utils.ProgrammingError(err.msg), sys.exc_info()[2])
  File "/home/realpyth/virtualenv/udemy/3.7/lib/python3.7/site-packages/django/utils/six.py", line 683, in reraise
    raise value.with_traceback(tb)
  File "/home/realpyth/virtualenv/udemy/3.7/lib/python3.7/site-packages/mysql/connector/django/base.py", line 168, in _execute_wrapper
    return method(query, args)
  File "/home/realpyth/virtualenv/udemy/3.7/lib/python3.7/site-packages/mysql/connector/cursor_cext.py", line 266, in execute
    raw_as_string=self._raw_as_string)
  File "/home/realpyth/virtualenv/udemy/3.7/lib/python3.7/site-packages/mysql/connector/connection_cext.py", line 492, in cmd_query
    sqlstate=exc.sqlstate)
django.db.utils.ProgrammingError: Unknown column 'courses_course.created_at' in 'field list'

During handling of the above exception, another exception occurred:

Traceback (most recent call last):
  File "/home/realpyth/virtualenv/udemy/3.7/lib/python3.7/site-packages/mysql/connector/cursor_cext.py", line 606, in statement
    return self._executed.strip().decode('utf8')
AttributeError: 'NoneType' object has no attribute 'strip'

During handling of the above exception, another exception occurred:

Traceback (most recent call last):
  File "/home/realpyth/virtualenv/udemy/3.7/lib/python3.7/site-packages/django/core/handlers/exception.py", line 34, in inner
    response = get_response(request)
  File "/home/realpyth/virtualenv/udemy/3.7/lib/python3.7/site-packages/django/core/handlers/base.py", line 145, in _get_response
    response = self.process_exception_by_middleware(e, request)
  File "/home/realpyth/virtualenv/udemy/3.7/lib/python3.7/site-packages/django/core/handlers/base.py", line 143, in _get_response
    response = response.render()
  File "/home/realpyth/virtualenv/udemy/3.7/lib/python3.7/site-packages/django/template/response.py", line 106, in render
    self.content = self.rendered_content
  File "/home/realpyth/virtualenv/udemy/3.7/lib/python3.7/site-packages/django/template/response.py", line 83, in rendered_content
    content = template.render(context, self._request)
  File "/home/realpyth/virtualenv/udemy/3.7/lib/python3.7/site-packages/django/template/backends/django.py", line 61, in render
    return self.template.render(context)
  File "/home/realpyth/virtualenv/udemy/3.7/lib/python3.7/site-packages/django/template/base.py", line 171, in render
    return self._render(context)
  File "/home/realpyth/virtualenv/udemy/3.7/lib/python3.7/site-packages/django/template/base.py", line 163, in _render
    return self.nodelist.render(context)
  File "/home/realpyth/virtualenv/udemy/3.7/lib/python3.7/site-packages/django/template/base.py", line 937, in render
    bit = node.render_annotated(context)
  File "/home/realpyth/virtualenv/udemy/3.7/lib/python3.7/site-packages/django/template/base.py", line 904, in render_annotated
    return self.render(context)
  File "/home/realpyth/virtualenv/udemy/3.7/lib/python3.7/site-packages/django/template/loader_tags.py", line 150, in render
    return compiled_parent._render(context)
  File "/home/realpyth/virtualenv/udemy/3.7/lib/python3.7/site-packages/django/template/base.py", line 163, in _render
    return self.nodelist.render(context)
  File "/home/realpyth/virtualenv/udemy/3.7/lib/python3.7/site-packages/django/template/base.py", line 937, in render
    bit = node.render_annotated(context)
  File "/home/realpyth/virtualenv/udemy/3.7/lib/python3.7/site-packages/django/template/base.py", line 904, in render_annotated
    return self.render(context)
  File "/home/realpyth/virtualenv/udemy/3.7/lib/python3.7/site-packages/django/template/loader_tags.py", line 62, in render
    result = block.nodelist.render(context)
  File "/home/realpyth/virtualenv/udemy/3.7/lib/python3.7/site-packages/django/template/base.py", line 937, in render
    bit = node.render_annotated(context)
  File "/home/realpyth/virtualenv/udemy/3.7/lib/python3.7/site-packages/django/template/base.py", line 904, in render_annotated
    return self.render(context)
  File "/home/realpyth/virtualenv/udemy/3.7/lib/python3.7/site-packages/django/template/defaulttags.py", line 166, in render
    len_values = len(values)
  File "/home/realpyth/virtualenv/udemy/3.7/lib/python3.7/site-packages/django/db/models/query.py", line 256, in __len__
    self._fetch_all()
  File "/home/realpyth/virtualenv/udemy/3.7/lib/python3.7/site-packages/django/db/models/query.py", line 1242, in _fetch_all
    self._result_cache = list(self._iterable_class(self))
  File "/home/realpyth/virtualenv/udemy/3.7/lib/python3.7/site-packages/django/db/models/query.py", line 55, in __iter__
    results = compiler.execute_sql(chunked_fetch=self.chunked_fetch, chunk_size=self.chunk_size)
  File "/home/realpyth/virtualenv/udemy/3.7/lib/python3.7/site-packages/django/db/models/sql/compiler.py", line 1097, in execute_sql
    cursor.execute(sql, params)
  File "/home/realpyth/virtualenv/udemy/3.7/lib/python3.7/site-packages/django/db/backends/utils.py", line 103, in execute
    sql = self.db.ops.last_executed_query(self.cursor, sql, params)
  File "/home/realpyth/virtualenv/udemy/3.7/lib/python3.7/site-packages/mysql/connector/django/operations.py", line 127, in last_executed_query
    return force_text(cursor.statement, errors='replace')
  File "/home/realpyth/virtualenv/udemy/3.7/lib/python3.7/site-packages/mysql/connector/django/base.py", line 230, in __getattr__
    return getattr(self.cursor, attr)
  File "/home/realpyth/virtualenv/udemy/3.7/lib/python3.7/site-packages/mysql/connector/cursor_cext.py", line 608, in statement
    return self._executed.strip()
AttributeError: 'NoneType' object has no attribute 'strip'
/home/realpyth/virtualenv/udemy/3.7/lib/python3.7/site-packages/psycopg2/__init__.py:144: UserWarning: The psycopg2 wheel package will be renamed from release 2.8; in order to keep installing from binary please use "pip install psycopg2-binary" instead. For details see: <http://initd.org/psycopg/docs/install.html#binary-install-from-pypi>.
  """)
Internal Server Error: /
Traceback (most recent call last):
  File "/home/realpyth/virtualenv/udemy/3.7/lib/python3.7/site-packages/django/db/backends/base/base.py", line 217, in ensure_connection
    self.connect()
  File "/home/realpyth/virtualenv/udemy/3.7/lib/python3.7/site-packages/django/db/backends/base/base.py", line 195, in connect
    self.connection = self.get_new_connection(conn_params)
  File "/home/realpyth/virtualenv/udemy/3.7/lib/python3.7/site-packages/django/db/backends/postgresql/base.py", line 178, in get_new_connection
    connection = Database.connect(**conn_params)
  File "/home/realpyth/virtualenv/udemy/3.7/lib/python3.7/site-packages/psycopg2/__init__.py", line 130, in connect
    conn = _connect(dsn, connection_factory=connection_factory, **kwasync)
psycopg2.OperationalError: received invalid response to SSL negotiation: Y


The above exception was the direct cause of the following exception:

Traceback (most recent call last):
  File "/home/realpyth/virtualenv/udemy/3.7/lib/python3.7/site-packages/django/core/handlers/exception.py", line 34, in inner
    response = get_response(request)
  File "/home/realpyth/virtualenv/udemy/3.7/lib/python3.7/site-packages/django/core/handlers/base.py", line 145, in _get_response
    response = self.process_exception_by_middleware(e, request)
  File "/home/realpyth/virtualenv/udemy/3.7/lib/python3.7/site-packages/django/core/handlers/base.py", line 143, in _get_response
    response = response.render()
  File "/home/realpyth/virtualenv/udemy/3.7/lib/python3.7/site-packages/django/template/response.py", line 106, in render
    self.content = self.rendered_content
  File "/home/realpyth/virtualenv/udemy/3.7/lib/python3.7/site-packages/django/template/response.py", line 83, in rendered_content
    content = template.render(context, self._request)
  File "/home/realpyth/virtualenv/udemy/3.7/lib/python3.7/site-packages/django/template/backends/django.py", line 61, in render
    return self.template.render(context)
  File "/home/realpyth/virtualenv/udemy/3.7/lib/python3.7/site-packages/django/template/base.py", line 171, in render
    return self._render(context)
  File "/home/realpyth/virtualenv/udemy/3.7/lib/python3.7/site-packages/django/template/base.py", line 163, in _render
    return self.nodelist.render(context)
  File "/home/realpyth/virtualenv/udemy/3.7/lib/python3.7/site-packages/django/template/base.py", line 937, in render
    bit = node.render_annotated(context)
  File "/home/realpyth/virtualenv/udemy/3.7/lib/python3.7/site-packages/django/template/base.py", line 904, in render_annotated
    return self.render(context)
  File "/home/realpyth/virtualenv/udemy/3.7/lib/python3.7/site-packages/django/template/loader_tags.py", line 150, in render
    return compiled_parent._render(context)
  File "/home/realpyth/virtualenv/udemy/3.7/lib/python3.7/site-packages/django/template/base.py", line 163, in _render
    return self.nodelist.render(context)
  File "/home/realpyth/virtualenv/udemy/3.7/lib/python3.7/site-packages/django/template/base.py", line 937, in render
    bit = node.render_annotated(context)
  File "/home/realpyth/virtualenv/udemy/3.7/lib/python3.7/site-packages/django/template/base.py", line 904, in render_annotated
    return self.render(context)
  File "/home/realpyth/virtualenv/udemy/3.7/lib/python3.7/site-packages/django/template/loader_tags.py", line 188, in render
    return template.render(context)
  File "/home/realpyth/virtualenv/udemy/3.7/lib/python3.7/site-packages/django/template/base.py", line 173, in render
    return self._render(context)
  File "/home/realpyth/virtualenv/udemy/3.7/lib/python3.7/site-packages/django/template/base.py", line 163, in _render
    return self.nodelist.render(context)
  File "/home/realpyth/virtualenv/udemy/3.7/lib/python3.7/site-packages/django/template/base.py", line 937, in render
    bit = node.render_annotated(context)
  File "/home/realpyth/virtualenv/udemy/3.7/lib/python3.7/site-packages/django/template/base.py", line 904, in render_annotated
    return self.render(context)
  File "/home/realpyth/virtualenv/udemy/3.7/lib/python3.7/site-packages/django/template/loader_tags.py", line 188, in render
    return template.render(context)
  File "/home/realpyth/virtualenv/udemy/3.7/lib/python3.7/site-packages/django/template/base.py", line 173, in render
    return self._render(context)
  File "/home/realpyth/virtualenv/udemy/3.7/lib/python3.7/site-packages/django/template/base.py", line 163, in _render
    return self.nodelist.render(context)
  File "/home/realpyth/virtualenv/udemy/3.7/lib/python3.7/site-packages/django/template/base.py", line 937, in render
    bit = node.render_annotated(context)
  File "/home/realpyth/virtualenv/udemy/3.7/lib/python3.7/site-packages/django/template/base.py", line 904, in render_annotated
    return self.render(context)
  File "/home/realpyth/virtualenv/udemy/3.7/lib/python3.7/site-packages/django/template/defaulttags.py", line 166, in render
    len_values = len(values)
  File "/home/realpyth/virtualenv/udemy/3.7/lib/python3.7/site-packages/django/db/models/query.py", line 256, in __len__
    self._fetch_all()
  File "/home/realpyth/virtualenv/udemy/3.7/lib/python3.7/site-packages/django/db/models/query.py", line 1242, in _fetch_all
    self._result_cache = list(self._iterable_class(self))
  File "/home/realpyth/virtualenv/udemy/3.7/lib/python3.7/site-packages/django/db/models/query.py", line 55, in __iter__
    results = compiler.execute_sql(chunked_fetch=self.chunked_fetch, chunk_size=self.chunk_size)
  File "/home/realpyth/virtualenv/udemy/3.7/lib/python3.7/site-packages/django/db/models/sql/compiler.py", line 1095, in execute_sql
    cursor = self.connection.cursor()
  File "/home/realpyth/virtualenv/udemy/3.7/lib/python3.7/site-packages/django/db/backends/base/base.py", line 256, in cursor
    return self._cursor()
  File "/home/realpyth/virtualenv/udemy/3.7/lib/python3.7/site-packages/django/db/backends/base/base.py", line 233, in _cursor
    self.ensure_connection()
  File "/home/realpyth/virtualenv/udemy/3.7/lib/python3.7/site-packages/django/db/backends/base/base.py", line 217, in ensure_connection
    self.connect()
  File "/home/realpyth/virtualenv/udemy/3.7/lib/python3.7/site-packages/django/db/utils.py", line 89, in __exit__
    raise dj_exc_value.with_traceback(traceback) from exc_value
  File "/home/realpyth/virtualenv/udemy/3.7/lib/python3.7/site-packages/django/db/backends/base/base.py", line 217, in ensure_connection
    self.connect()
  File "/home/realpyth/virtualenv/udemy/3.7/lib/python3.7/site-packages/django/db/backends/base/base.py", line 195, in connect
    self.connection = self.get_new_connection(conn_params)
  File "/home/realpyth/virtualenv/udemy/3.7/lib/python3.7/site-packages/django/db/backends/postgresql/base.py", line 178, in get_new_connection
    connection = Database.connect(**conn_params)
  File "/home/realpyth/virtualenv/udemy/3.7/lib/python3.7/site-packages/psycopg2/__init__.py", line 130, in connect
    conn = _connect(dsn, connection_factory=connection_factory, **kwasync)
django.db.utils.OperationalError: received invalid response to SSL negotiation: Y

Internal Server Error: /
Traceback (most recent call last):
  File "/home/realpyth/virtualenv/udemy/3.7/lib/python3.7/site-packages/django/db/backends/base/base.py", line 217, in ensure_connection
    self.connect()
  File "/home/realpyth/virtualenv/udemy/3.7/lib/python3.7/site-packages/django/db/backends/base/base.py", line 195, in connect
    self.connection = self.get_new_connection(conn_params)
  File "/home/realpyth/virtualenv/udemy/3.7/lib/python3.7/site-packages/django/db/backends/postgresql/base.py", line 178, in get_new_connection
    connection = Database.connect(**conn_params)
  File "/home/realpyth/virtualenv/udemy/3.7/lib/python3.7/site-packages/psycopg2/__init__.py", line 130, in connect
    conn = _connect(dsn, connection_factory=connection_factory, **kwasync)
psycopg2.OperationalError: received invalid response to SSL negotiation: Y


The above exception was the direct cause of the following exception:

Traceback (most recent call last):
  File "/home/realpyth/virtualenv/udemy/3.7/lib/python3.7/site-packages/django/core/handlers/exception.py", line 34, in inner
    response = get_response(request)
  File "/home/realpyth/virtualenv/udemy/3.7/lib/python3.7/site-packages/django/core/handlers/base.py", line 145, in _get_response
    response = self.process_exception_by_middleware(e, request)
  File "/home/realpyth/virtualenv/udemy/3.7/lib/python3.7/site-packages/django/core/handlers/base.py", line 143, in _get_response
    response = response.render()
  File "/home/realpyth/virtualenv/udemy/3.7/lib/python3.7/site-packages/django/template/response.py", line 106, in render
    self.content = self.rendered_content
  File "/home/realpyth/virtualenv/udemy/3.7/lib/python3.7/site-packages/django/template/response.py", line 83, in rendered_content
    content = template.render(context, self._request)
  File "/home/realpyth/virtualenv/udemy/3.7/lib/python3.7/site-packages/django/template/backends/django.py", line 61, in render
    return self.template.render(context)
  File "/home/realpyth/virtualenv/udemy/3.7/lib/python3.7/site-packages/django/template/base.py", line 171, in render
    return self._render(context)
  File "/home/realpyth/virtualenv/udemy/3.7/lib/python3.7/site-packages/django/template/base.py", line 163, in _render
    return self.nodelist.render(context)
  File "/home/realpyth/virtualenv/udemy/3.7/lib/python3.7/site-packages/django/template/base.py", line 937, in render
    bit = node.render_annotated(context)
  File "/home/realpyth/virtualenv/udemy/3.7/lib/python3.7/site-packages/django/template/base.py", line 904, in render_annotated
    return self.render(context)
  File "/home/realpyth/virtualenv/udemy/3.7/lib/python3.7/site-packages/django/template/loader_tags.py", line 150, in render
    return compiled_parent._render(context)
  File "/home/realpyth/virtualenv/udemy/3.7/lib/python3.7/site-packages/django/template/base.py", line 163, in _render
    return self.nodelist.render(context)
  File "/home/realpyth/virtualenv/udemy/3.7/lib/python3.7/site-packages/django/template/base.py", line 937, in render
    bit = node.render_annotated(context)
  File "/home/realpyth/virtualenv/udemy/3.7/lib/python3.7/site-packages/django/template/base.py", line 904, in render_annotated
    return self.render(context)
  File "/home/realpyth/virtualenv/udemy/3.7/lib/python3.7/site-packages/django/template/loader_tags.py", line 188, in render
    return template.render(context)
  File "/home/realpyth/virtualenv/udemy/3.7/lib/python3.7/site-packages/django/template/base.py", line 173, in render
    return self._render(context)
  File "/home/realpyth/virtualenv/udemy/3.7/lib/python3.7/site-packages/django/template/base.py", line 163, in _render
    return self.nodelist.render(context)
  File "/home/realpyth/virtualenv/udemy/3.7/lib/python3.7/site-packages/django/template/base.py", line 937, in render
    bit = node.render_annotated(context)
  File "/home/realpyth/virtualenv/udemy/3.7/lib/python3.7/site-packages/django/template/base.py", line 904, in render_annotated
    return self.render(context)
  File "/home/realpyth/virtualenv/udemy/3.7/lib/python3.7/site-packages/django/template/loader_tags.py", line 188, in render
    return template.render(context)
  File "/home/realpyth/virtualenv/udemy/3.7/lib/python3.7/site-packages/django/template/base.py", line 173, in render
    return self._render(context)
  File "/home/realpyth/virtualenv/udemy/3.7/lib/python3.7/site-packages/django/template/base.py", line 163, in _render
    return self.nodelist.render(context)
  File "/home/realpyth/virtualenv/udemy/3.7/lib/python3.7/site-packages/django/template/base.py", line 937, in render
    bit = node.render_annotated(context)
  File "/home/realpyth/virtualenv/udemy/3.7/lib/python3.7/site-packages/django/template/base.py", line 904, in render_annotated
    return self.render(context)
  File "/home/realpyth/virtualenv/udemy/3.7/lib/python3.7/site-packages/django/template/defaulttags.py", line 166, in render
    len_values = len(values)
  File "/home/realpyth/virtualenv/udemy/3.7/lib/python3.7/site-packages/django/db/models/query.py", line 256, in __len__
    self._fetch_all()
  File "/home/realpyth/virtualenv/udemy/3.7/lib/python3.7/site-packages/django/db/models/query.py", line 1242, in _fetch_all
    self._result_cache = list(self._iterable_class(self))
  File "/home/realpyth/virtualenv/udemy/3.7/lib/python3.7/site-packages/django/db/models/query.py", line 55, in __iter__
    results = compiler.execute_sql(chunked_fetch=self.chunked_fetch, chunk_size=self.chunk_size)
  File "/home/realpyth/virtualenv/udemy/3.7/lib/python3.7/site-packages/django/db/models/sql/compiler.py", line 1095, in execute_sql
    cursor = self.connection.cursor()
  File "/home/realpyth/virtualenv/udemy/3.7/lib/python3.7/site-packages/django/db/backends/base/base.py", line 256, in cursor
    return self._cursor()
  File "/home/realpyth/virtualenv/udemy/3.7/lib/python3.7/site-packages/django/db/backends/base/base.py", line 233, in _cursor
    self.ensure_connection()
  File "/home/realpyth/virtualenv/udemy/3.7/lib/python3.7/site-packages/django/db/backends/base/base.py", line 217, in ensure_connection
    self.connect()
  File "/home/realpyth/virtualenv/udemy/3.7/lib/python3.7/site-packages/django/db/utils.py", line 89, in __exit__
    raise dj_exc_value.with_traceback(traceback) from exc_value
  File "/home/realpyth/virtualenv/udemy/3.7/lib/python3.7/site-packages/django/db/backends/base/base.py", line 217, in ensure_connection
    self.connect()
  File "/home/realpyth/virtualenv/udemy/3.7/lib/python3.7/site-packages/django/db/backends/base/base.py", line 195, in connect
    self.connection = self.get_new_connection(conn_params)
  File "/home/realpyth/virtualenv/udemy/3.7/lib/python3.7/site-packages/django/db/backends/postgresql/base.py", line 178, in get_new_connection
    connection = Database.connect(**conn_params)
  File "/home/realpyth/virtualenv/udemy/3.7/lib/python3.7/site-packages/psycopg2/__init__.py", line 130, in connect
    conn = _connect(dsn, connection_factory=connection_factory, **kwasync)
django.db.utils.OperationalError: received invalid response to SSL negotiation: Y

/home/realpyth/virtualenv/udemy/3.7/lib/python3.7/site-packages/psycopg2/__init__.py:144: UserWarning: The psycopg2 wheel package will be renamed from release 2.8; in order to keep installing from binary please use "pip install psycopg2-binary" instead. For details see: <http://initd.org/psycopg/docs/install.html#binary-install-from-pypi>.
  """)
/home/realpyth/virtualenv/udemy/3.7/lib/python3.7/site-packages/psycopg2/__init__.py:144: UserWarning: The psycopg2 wheel package will be renamed from release 2.8; in order to keep installing from binary please use "pip install psycopg2-binary" instead. For details see: <http://initd.org/psycopg/docs/install.html#binary-install-from-pypi>.
  """)
Internal Server Error: /
Traceback (most recent call last):
  File "/home/realpyth/virtualenv/udemy/3.7/lib/python3.7/site-packages/django/contrib/sessions/backends/base.py", line 189, in _get_session
    return self._session_cache
AttributeError: 'SessionStore' object has no attribute '_session_cache'

During handling of the above exception, another exception occurred:

Traceback (most recent call last):
  File "/home/realpyth/virtualenv/udemy/3.7/lib/python3.7/site-packages/django/db/backends/utils.py", line 84, in _execute
    return self.cursor.execute(sql, params)
psycopg2.ProgrammingError: relation "django_session" does not exist
LINE 1: ...ession_data", "django_session"."expire_date" FROM "django_se...
                                                             ^


The above exception was the direct cause of the following exception:

Traceback (most recent call last):
  File "/home/realpyth/virtualenv/udemy/3.7/lib/python3.7/site-packages/django/core/handlers/exception.py", line 34, in inner
    response = get_response(request)
  File "/home/realpyth/virtualenv/udemy/3.7/lib/python3.7/site-packages/django/core/handlers/base.py", line 145, in _get_response
    response = self.process_exception_by_middleware(e, request)
  File "/home/realpyth/virtualenv/udemy/3.7/lib/python3.7/site-packages/django/core/handlers/base.py", line 143, in _get_response
    response = response.render()
  File "/home/realpyth/virtualenv/udemy/3.7/lib/python3.7/site-packages/django/template/response.py", line 106, in render
    self.content = self.rendered_content
  File "/home/realpyth/virtualenv/udemy/3.7/lib/python3.7/site-packages/django/template/response.py", line 83, in rendered_content
    content = template.render(context, self._request)
  File "/home/realpyth/virtualenv/udemy/3.7/lib/python3.7/site-packages/django/template/backends/django.py", line 61, in render
    return self.template.render(context)
  File "/home/realpyth/virtualenv/udemy/3.7/lib/python3.7/site-packages/django/template/base.py", line 169, in render
    with context.bind_template(self):
  File "/opt/alt/python37/lib64/python3.7/contextlib.py", line 112, in __enter__
    return next(self.gen)
  File "/home/realpyth/virtualenv/udemy/3.7/lib/python3.7/site-packages/django/template/context.py", line 246, in bind_template
    updates.update(processor(self.request))
  File "/home/realpyth/udemy/cart/context_processors.py", line 5, in cart
    return {'cart': Cart(request)}
  File "/home/realpyth/udemy/cart/cart.py", line 10, in __init__
    cart = self.session.get(settings.CART_SESSION_SLUG)
  File "/home/realpyth/virtualenv/udemy/3.7/lib/python3.7/site-packages/django/contrib/sessions/backends/base.py", line 65, in get
    return self._session.get(key, default)
  File "/home/realpyth/virtualenv/udemy/3.7/lib/python3.7/site-packages/django/contrib/sessions/backends/base.py", line 194, in _get_session
    self._session_cache = self.load()
  File "/home/realpyth/virtualenv/udemy/3.7/lib/python3.7/site-packages/django/contrib/sessions/backends/db.py", line 43, in load
    s = self._get_session_from_db()
  File "/home/realpyth/virtualenv/udemy/3.7/lib/python3.7/site-packages/django/contrib/sessions/backends/db.py", line 34, in _get_session_from_db
    expire_date__gt=timezone.now()
  File "/home/realpyth/virtualenv/udemy/3.7/lib/python3.7/site-packages/django/db/models/manager.py", line 82, in manager_method
    return getattr(self.get_queryset(), name)(*args, **kwargs)
  File "/home/realpyth/virtualenv/udemy/3.7/lib/python3.7/site-packages/django/db/models/query.py", line 402, in get
    num = len(clone)
  File "/home/realpyth/virtualenv/udemy/3.7/lib/python3.7/site-packages/django/db/models/query.py", line 256, in __len__
    self._fetch_all()
  File "/home/realpyth/virtualenv/udemy/3.7/lib/python3.7/site-packages/django/db/models/query.py", line 1242, in _fetch_all
    self._result_cache = list(self._iterable_class(self))
  File "/home/realpyth/virtualenv/udemy/3.7/lib/python3.7/site-packages/django/db/models/query.py", line 55, in __iter__
    results = compiler.execute_sql(chunked_fetch=self.chunked_fetch, chunk_size=self.chunk_size)
  File "/home/realpyth/virtualenv/udemy/3.7/lib/python3.7/site-packages/django/db/models/sql/compiler.py", line 1097, in execute_sql
    cursor.execute(sql, params)
  File "/home/realpyth/virtualenv/udemy/3.7/lib/python3.7/site-packages/django/db/backends/utils.py", line 99, in execute
    return super().execute(sql, params)
  File "/home/realpyth/virtualenv/udemy/3.7/lib/python3.7/site-packages/django/db/backends/utils.py", line 67, in execute
    return self._execute_with_wrappers(sql, params, many=False, executor=self._execute)
  File "/home/realpyth/virtualenv/udemy/3.7/lib/python3.7/site-packages/django/db/backends/utils.py", line 76, in _execute_with_wrappers
    return executor(sql, params, many, context)
  File "/home/realpyth/virtualenv/udemy/3.7/lib/python3.7/site-packages/django/db/backends/utils.py", line 84, in _execute
    return self.cursor.execute(sql, params)
  File "/home/realpyth/virtualenv/udemy/3.7/lib/python3.7/site-packages/django/db/utils.py", line 89, in __exit__
    raise dj_exc_value.with_traceback(traceback) from exc_value
  File "/home/realpyth/virtualenv/udemy/3.7/lib/python3.7/site-packages/django/db/backends/utils.py", line 84, in _execute
    return self.cursor.execute(sql, params)
django.db.utils.ProgrammingError: relation "django_session" does not exist
LINE 1: ...ession_data", "django_session"."expire_date" FROM "django_se...
                                                             ^

/home/realpyth/virtualenv/udemy/3.7/lib/python3.7/site-packages/psycopg2/__init__.py:144: UserWarning: The psycopg2 wheel package will be renamed from release 2.8; in order to keep installing from binary please use "pip install psycopg2-binary" instead. For details see: <http://initd.org/psycopg/docs/install.html#binary-install-from-pypi>.
  """)
